#
# A fatal error has been detected by the Java Runtime Environment:
#
#  EXCEPTION_ACCESS_VIOLATION (0xc0000005) at pc=0x00007ffef0477820, pid=18524, tid=17300
#
# JRE version: Java(TM) SE Runtime Environment (17.0.7+8) (build 17.0.7+8-LTS-224)
# Java VM: Java HotSpot(TM) 64-Bit Server VM (17.0.7+8-LTS-224, mixed mode, sharing, tiered, compressed oops, compressed class ptrs, g1 gc, windows-amd64)
# Problematic frame:
# C  [Print.PrintSupport.Source.dll+0x7820]
#
# No core dump will be written. Minidumps are not enabled by default on client versions of Windows
#
# If you would like to submit a bug report, please visit:
#   https://bugreport.java.com/bugreport/crash.jsp
# The crash happened outside the Java Virtual Machine in native code.
# See problematic frame for where to report the bug.
#

---------------  S U M M A R Y ------------

Command Line: -javaagent:C:\Program Files\JetBrains\IntelliJ IDEA Community Edition 2023.1.4\lib\idea_rt.jar=50820:C:\Program Files\JetBrains\IntelliJ IDEA Community Edition 2023.1.4\bin -Dfile.encoding=UTF-8 illarli.middelware.MiddelwareApplication 8085

Host: 11th Gen Intel(R) Core(TM) i5-11400H @ 2.70GHz, 12 cores, 7G,  Windows 11 , 64 bit Build 22621 (10.0.22621.2070)
Time: Tue Aug  1 09:25:43 2023 Hora est. Pacífico, Sudamérica elapsed time: 11.825974 seconds (0d 0h 0m 11s)

---------------  T H R E A D  ---------------

Current thread (0x000002627e5d8070):  JavaThread "Thread-10" daemon [_thread_in_native, id=17300, stack(0x000000c61ea00000,0x000000c61eb00000)]

Stack: [0x000000c61ea00000,0x000000c61eb00000],  sp=0x000000c61eafc5f8,  free space=1009k
Native frames: (J=compiled Java code, j=interpreted, Vv=VM code, C=native code)
C  [Print.PrintSupport.Source.dll+0x7820]

Java frames: (J=compiled Java code, j=interpreted, Vv=VM code)
j  sun.print.Win32PrintJob.startPrintRawData(Ljava/lang/String;Ljava/lang/String;)Z+0 java.desktop@17.0.7
j  sun.print.Win32PrintJob.print(Ljavax/print/Doc;Ljavax/print/attribute/PrintRequestAttributeSet;)V+849 java.desktop@17.0.7
j  com.github.anastaciocintra.output.PrinterOutputStream.lambda$new$1(Ljavax/print/PrintService;)V+30
j  com.github.anastaciocintra.output.PrinterOutputStream$$Lambda$1657+0x000000080150e218.run()V+8
j  java.lang.Thread.run()V+11 java.base@17.0.7
v  ~StubRoutines::call_stub

siginfo: EXCEPTION_ACCESS_VIOLATION (0xc0000005), reading address 0x00007ffeead9efb8


Register to memory mapping:

RIP=0x00007ffef0477820 Print.PrintSupport.Source.dll
RAX=0x00007ffeead9efa8 Windows.Devices.Enumeration.dll
RBX=0x000000c61eafc720 is pointing into the stack for thread: 0x000002627e5d8070
RCX=0x000000c61eafed40 is pointing into the stack for thread: 0x000002627e5d8070
RDX=0x00000262795ab650 points into unknown readable memory: 0x00007ffeead9efa8 | a8 ef d9 ea fe 7f 00 00
RSP=0x000000c61eafc5f8 is pointing into the stack for thread: 0x000002627e5d8070
RBP=0x000000c61eafcee0 is pointing into the stack for thread: 0x000002627e5d8070
RSI=0x000000c61eafcee8 is pointing into the stack for thread: 0x000002627e5d8070
RDI=0x00000000ffffffff is an unallocated location in the heap
R8 =0x0000000000000103 is an unknown value
R9 =0x0000000019930520 is an unknown value
R10=0xb455a71054d0b870 is an unknown value
R11=0x00007fff1a5a0000 ucrtbase.dll
R12=0x000000c61eafc7d0 is pointing into the stack for thread: 0x000002627e5d8070
R13=0x00000000ffffffff is an unallocated location in the heap
R14=0x000000c61eafcf28 is pointing into the stack for thread: 0x000002627e5d8070
R15=0x00007ffef04c2e4d Print.PrintSupport.Source.dll


Registers:
RAX=0x00007ffeead9efa8, RBX=0x000000c61eafc720, RCX=0x000000c61eafed40, RDX=0x00000262795ab650
RSP=0x000000c61eafc5f8, RBP=0x000000c61eafcee0, RSI=0x000000c61eafcee8, RDI=0x00000000ffffffff
R8 =0x0000000000000103, R9 =0x0000000019930520, R10=0xb455a71054d0b870, R11=0x00007fff1a5a0000
R12=0x000000c61eafc7d0, R13=0x00000000ffffffff, R14=0x000000c61eafcf28, R15=0x00007ffef04c2e4d
RIP=0x00007ffef0477820, EFLAGS=0x0000000000010246

Top of Stack: (sp=0x000000c61eafc5f8)
0x000000c61eafc5f8:   00007ffef047f98b 000000c60000012a
0x000000c61eafc608:   000002627ec142e0 000000c61eafc7d0
0x000000c61eafc618:   004d0053005c006c 00007fff1a5a0000
0x000000c61eafc628:   00007fff1a5f250a 00007ffef047f97c
0x000000c61eafc638:   000000c600000103 000000c61eafecc0
0x000000c61eafc648:   00007ffef04c2e4d 0000000000000000
0x000000c61eafc658:   00007fff1a5e7931 00007ffef047f97c
0x000000c61eafc668:   000000c61eafecc0 000000c61eafed40
0x000000c61eafc678:   000000c600000103 000000c61eafc690
0x000000c61eafc688:   00007fff1a95cc74 000000c61eafc720
0x000000c61eafc698:   00007ffef04c2e4d ffffffff0000f97c
0x000000c61eafc6a8:   00007fffffffffff 000000c61eafc720
0x000000c61eafc6b8:   00007ffef04c2e4d 000000c61eafc7d0
0x000000c61eafc6c8:   00007ffef0470000 000000c61eafc7d0
0x000000c61eafc6d8:   000000c61eafcf28 000000c61eafcee8
0x000000c61eafc6e8:   0000000100000001 000000800000f97c 

Instructions: (pc=0x00007ffef0477820)
0x00007ffef0477720:   48 8b f1 48 8b fa 48 8b 49 10 48 85 c9 74 49 49
0x00007ffef0477730:   83 63 08 00 48 8b 01 49 ba 70 42 d3 12 d4 0e d5
0x00007ffef0477740:   c0 48 8b 00 4d 8d 43 08 48 8d 15 a9 fe 03 00 ff
0x00007ffef0477750:   15 bb e9 03 00 48 8b 5c 24 30 33 c9 48 8b d3 48
0x00007ffef0477760:   89 5c 24 38 e8 84 c3 ff ff 48 85 db 74 0a 48 8d
0x00007ffef0477770:   4c 24 38 e8 94 00 00 00 8b 46 0c 48 8b 5c 24 40
0x00007ffef0477780:   48 8b 74 24 48 89 07 48 8b c7 48 83 c4 20 5f c3
0x00007ffef0477790:   cc cc cc cc cc cc cc cc 48 89 5c 24 08 48 89 6c
0x00007ffef04777a0:   24 10 48 89 74 24 18 57 48 83 ec 20 41 8b d8 48
0x00007ffef04777b0:   8b ea 48 8b f1 48 8d 7a fe 48 8d 3c 5f 45 85 c0
0x00007ffef04777c0:   74 1c 0f b7 0f 48 ff 15 cc e3 03 00 0f 1f 44 00
0x00007ffef04777d0:   00 85 c0 74 09 48 83 ef 02 83 c3 ff 75 e4 44 8b
0x00007ffef04777e0:   c3 48 8b d5 48 8b ce e8 cc cc ff ff 48 8b c6 48
0x00007ffef04777f0:   8b 5c 24 30 48 8b 6c 24 38 48 8b 74 24 40 48 83
0x00007ffef0477800:   c4 20 5f c3 cc cc cc cc cc cc cc cc 48 8b 11 48
0x00007ffef0477810:   83 21 00 48 8b 02 49 ba 70 b8 d0 54 10 a7 55 b4
0x00007ffef0477820:   48 8b 40 10 48 8b ca 48 ff 25 e2 e8 03 00 cc cc
0x00007ffef0477830:   cc cc cc cc cc cc cc cc 71 19 50 56 ab 9f 6d e5
0x00007ffef0477840:   40 53 b8 30 14 00 00 e8 54 78 03 00 48 2b e0 48
0x00007ffef0477850:   8b 05 d2 3e 05 00 48 33 c4 48 89 84 24 20 14 00
0x00007ffef0477860:   00 48 8d 99 c0 00 00 00 48 83 3b 00 75 57 4c 8d
0x00007ffef0477870:   41 18 ba 00 08 00 00 48 8d 8c 24 20 04 00 00 e8
0x00007ffef0477880:   80 d6 ff ff 4c 8d 8c 24 20 04 00 00 ba 00 04 00
0x00007ffef0477890:   00 4c 8d 05 08 fa 03 00 48 8d 4c 24 20 e8 66 f1
0x00007ffef04778a0:   ff ff 48 8d 44 24 20 49 83 c8 ff 49 ff c0 42 80
0x00007ffef04778b0:   3c 00 00 75 f6 49 ff c0 48 8d 54 24 20 48 8b cb
0x00007ffef04778c0:   e8 6f f9 ff ff 48 8b 03 48 8d 48 04 48 f7 d8 48
0x00007ffef04778d0:   1b c0 48 23 c1 48 8b 8c 24 20 14 00 00 48 33 cc
0x00007ffef04778e0:   e8 6b aa ff ff 48 81 c4 30 14 00 00 5b c3 cc cc
0x00007ffef04778f0:   cc cc cc cc cc cc cc cc 71 19 50 56 ab 9f 6d e5
0x00007ffef0477900:   48 83 79 08 00 48 8d 05 bc f7 03 00 48 0f 45 41
0x00007ffef0477910:   08 c3 cc cc cc cc cc cc cc cc cc cc 48 83 ec 28 


Stack slot to memory mapping:
stack at sp + 0 slots: 0x00007ffef047f98b Print.PrintSupport.Source.dll
stack at sp + 1 slots: 0x000000c60000012a is an unknown value
stack at sp + 2 slots: 0x000002627ec142e0 points into unknown readable memory: 0x0000000000000000 | 00 00 00 00 00 00 00 00
stack at sp + 3 slots: 0x000000c61eafc7d0 is pointing into the stack for thread: 0x000002627e5d8070
stack at sp + 4 slots: 0x004d0053005c006c is an unknown value
stack at sp + 5 slots: 0x00007fff1a5a0000 ucrtbase.dll
stack at sp + 6 slots: 0x00007fff1a5f250a ucrtbase.dll
stack at sp + 7 slots: 0x00007ffef047f97c Print.PrintSupport.Source.dll


---------------  P R O C E S S  ---------------

Threads class SMR info:
_java_thread_list=0x000002627dfd2d20, length=42, elements={
0x000002627541e4e0, 0x000002627541ee90, 0x00000262754306e0, 0x0000026275430fa0,
0x0000026275431f60, 0x0000026275432910, 0x0000026275433ab0, 0x0000026275437480,
0x0000026275437d80, 0x00000262760ae5d0, 0x00000262763f0660, 0x0000026276268f10,
0x000002627b11f5c0, 0x000002627be2fed0, 0x000002627a5d1480, 0x000002627a58f1e0,
0x000002627a491a40, 0x0000026276b76e30, 0x0000026276b78170, 0x0000026276b777d0,
0x0000026276b77ca0, 0x0000026276b794b0, 0x0000026276b76490, 0x0000026276b78640,
0x0000026276b78fe0, 0x000002627e5dc8a0, 0x000002627e5dba30, 0x000002627e5de580,
0x000002627e5dc3d0, 0x000002627e5d8ee0, 0x000002627e5dd710, 0x000002627e5d93b0,
0x000002627e5dcd70, 0x000002627e5dd240, 0x0000026278e0a510, 0x0000026278e0d7b0,
0x000002627e5d9880, 0x000002627e5dbf00, 0x000002627e5da220, 0x000002627e5ddbe0,
0x000002627e5d8070, 0x000002627e5de0b0
}

Java Threads: ( => current thread )
  0x000002627541e4e0 JavaThread "Reference Handler" daemon [_thread_blocked, id=17556, stack(0x000000c61b700000,0x000000c61b800000)]
  0x000002627541ee90 JavaThread "Finalizer" daemon [_thread_blocked, id=1456, stack(0x000000c61b800000,0x000000c61b900000)]
  0x00000262754306e0 JavaThread "Signal Dispatcher" daemon [_thread_blocked, id=12536, stack(0x000000c61b900000,0x000000c61ba00000)]
  0x0000026275430fa0 JavaThread "Attach Listener" daemon [_thread_blocked, id=16064, stack(0x000000c61ba00000,0x000000c61bb00000)]
  0x0000026275431f60 JavaThread "Service Thread" daemon [_thread_blocked, id=20460, stack(0x000000c61bb00000,0x000000c61bc00000)]
  0x0000026275432910 JavaThread "Monitor Deflation Thread" daemon [_thread_blocked, id=19140, stack(0x000000c61bc00000,0x000000c61bd00000)]
  0x0000026275433ab0 JavaThread "C2 CompilerThread0" daemon [_thread_blocked, id=17924, stack(0x000000c61bd00000,0x000000c61be00000)]
  0x0000026275437480 JavaThread "C1 CompilerThread0" daemon [_thread_blocked, id=18620, stack(0x000000c61be00000,0x000000c61bf00000)]
  0x0000026275437d80 JavaThread "Sweeper thread" daemon [_thread_blocked, id=19224, stack(0x000000c61bf00000,0x000000c61c000000)]
  0x00000262760ae5d0 JavaThread "Common-Cleaner" daemon [_thread_blocked, id=10264, stack(0x000000c61c000000,0x000000c61c100000)]
  0x00000262763f0660 JavaThread "Monitor Ctrl-Break" daemon [_thread_in_native, id=19532, stack(0x000000c61c200000,0x000000c61c300000)]
  0x0000026276268f10 JavaThread "Notification Thread" daemon [_thread_blocked, id=20436, stack(0x000000c61c300000,0x000000c61c400000)]
  0x000002627b11f5c0 JavaThread "MVStore background writer C:/illarli/data.mv.db" daemon [_thread_blocked, id=19316, stack(0x000000c61d300000,0x000000c61d400000)]
  0x000002627be2fed0 JavaThread "HikariPool-1 housekeeper" daemon [_thread_blocked, id=18312, stack(0x000000c61d400000,0x000000c61d500000)]
  0x000002627a5d1480 JavaThread "Catalina-utility-1" [_thread_blocked, id=18284, stack(0x000000c61d500000,0x000000c61d600000)]
  0x000002627a58f1e0 JavaThread "Catalina-utility-2" [_thread_blocked, id=1204, stack(0x000000c61d600000,0x000000c61d700000)]
  0x000002627a491a40 JavaThread "container-0" [_thread_blocked, id=16568, stack(0x000000c61d700000,0x000000c61d800000)]
  0x0000026276b76e30 JavaThread "H2-serialization" daemon [_thread_blocked, id=18148, stack(0x000000c61d900000,0x000000c61da00000)]
  0x0000026276b78170 JavaThread "H2-save" daemon [_thread_blocked, id=6168, stack(0x000000c61da00000,0x000000c61db00000)]
  0x0000026276b777d0 JavaThread "Live Reload Server" daemon [_thread_in_native, id=8548, stack(0x000000c61dc00000,0x000000c61dd00000)]
  0x0000026276b77ca0 JavaThread "File Watcher" daemon [_thread_blocked, id=20012, stack(0x000000c61db00000,0x000000c61dc00000)]
  0x0000026276b794b0 JavaThread "http-nio-8081-exec-1" daemon [_thread_blocked, id=13688, stack(0x000000c61dd00000,0x000000c61de00000)]
  0x0000026276b76490 JavaThread "http-nio-8081-exec-2" daemon [_thread_blocked, id=19568, stack(0x000000c61de00000,0x000000c61df00000)]
  0x0000026276b78640 JavaThread "http-nio-8081-exec-3" daemon [_thread_blocked, id=15228, stack(0x000000c61df00000,0x000000c61e000000)]
  0x0000026276b78fe0 JavaThread "http-nio-8081-exec-4" daemon [_thread_blocked, id=15052, stack(0x000000c61e000000,0x000000c61e100000)]
  0x000002627e5dc8a0 JavaThread "http-nio-8081-exec-5" daemon [_thread_blocked, id=19392, stack(0x000000c61e100000,0x000000c61e200000)]
  0x000002627e5dba30 JavaThread "http-nio-8081-exec-6" daemon [_thread_blocked, id=11820, stack(0x000000c61e200000,0x000000c61e300000)]
  0x000002627e5de580 JavaThread "http-nio-8081-exec-7" daemon [_thread_blocked, id=17972, stack(0x000000c61e300000,0x000000c61e400000)]
  0x000002627e5dc3d0 JavaThread "http-nio-8081-exec-8" daemon [_thread_blocked, id=13276, stack(0x000000c61e400000,0x000000c61e500000)]
  0x000002627e5d8ee0 JavaThread "http-nio-8081-exec-9" daemon [_thread_blocked, id=3876, stack(0x000000c61e500000,0x000000c61e600000)]
  0x000002627e5dd710 JavaThread "http-nio-8081-exec-10" daemon [_thread_blocked, id=17188, stack(0x000000c61e600000,0x000000c61e700000)]
  0x000002627e5d93b0 JavaThread "http-nio-8081-Poller" daemon [_thread_in_native, id=18564, stack(0x000000c61e700000,0x000000c61e800000)]
  0x000002627e5dcd70 JavaThread "http-nio-8081-Acceptor" daemon [_thread_in_native, id=19612, stack(0x000000c61e800000,0x000000c61e900000)]
  0x000002627e5dd240 JavaThread "DestroyJavaVM" [_thread_blocked, id=19264, stack(0x000000c61b000000,0x000000c61b100000)]
  0x0000026278e0a510 JavaThread "C2 CompilerThread1" daemon [_thread_blocked, id=20404, stack(0x000000c61c100000,0x000000c61c200000)]
  0x0000026278e0d7b0 JavaThread "C2 CompilerThread2" daemon [_thread_blocked, id=4356, stack(0x000000c61c500000,0x000000c61c600000)]
  0x000002627e5d9880 JavaThread "PrinterListener" daemon [_thread_in_native, id=15128, stack(0x000000c61c600000,0x000000c61c700000)]
  0x000002627e5dbf00 JavaThread "RemotePrinterListener" daemon [_thread_in_native, id=11896, stack(0x000000c61c700000,0x000000c61c800000)]
  0x000002627e5da220 JavaThread "Thread-8" daemon [_thread_in_native, id=16328, stack(0x000000c61d800000,0x000000c61d900000)]
  0x000002627e5ddbe0 JavaThread "Thread-9" daemon [_thread_in_native, id=17416, stack(0x000000c61e900000,0x000000c61ea00000)]
=>0x000002627e5d8070 JavaThread "Thread-10" daemon [_thread_in_native, id=17300, stack(0x000000c61ea00000,0x000000c61eb00000)]
  0x000002627e5de0b0 JavaThread "Thread-11" daemon [_thread_in_native, id=14892, stack(0x000000c61ec00000,0x000000c61ed00000)]

Other Threads:
  0x0000026275416b20 VMThread "VM Thread" [stack: 0x000000c61b600000,0x000000c61b700000] [id=15156]
  0x0000026257186bb0 WatcherThread [stack: 0x000000c61c400000,0x000000c61c500000] [id=18796]
  0x0000026257169eb0 GCTaskThread "GC Thread#0" [stack: 0x000000c61b100000,0x000000c61b200000] [id=17148]
  0x0000026276de3e50 GCTaskThread "GC Thread#1" [stack: 0x000000c61c800000,0x000000c61c900000] [id=19648]
  0x0000026276b26780 GCTaskThread "GC Thread#2" [stack: 0x000000c61c900000,0x000000c61ca00000] [id=18068]
  0x000002627749e040 GCTaskThread "GC Thread#3" [stack: 0x000000c61ca00000,0x000000c61cb00000] [id=10140]
  0x000002627749e2f0 GCTaskThread "GC Thread#4" [stack: 0x000000c61cb00000,0x000000c61cc00000] [id=19848]
  0x000002627749e9b0 GCTaskThread "GC Thread#5" [stack: 0x000000c61cc00000,0x000000c61cd00000] [id=20252]
  0x0000026276d7ac10 GCTaskThread "GC Thread#6" [stack: 0x000000c61cd00000,0x000000c61ce00000] [id=19660]
  0x00000262770eaf20 GCTaskThread "GC Thread#7" [stack: 0x000000c61cf00000,0x000000c61d000000] [id=2464]
  0x00000262773bd780 GCTaskThread "GC Thread#8" [stack: 0x000000c61d000000,0x000000c61d100000] [id=8972]
  0x000002627730eee0 GCTaskThread "GC Thread#9" [stack: 0x000000c61d100000,0x000000c61d200000] [id=19904]
  0x000002625506dcc0 ConcurrentGCThread "G1 Main Marker" [stack: 0x000000c61b200000,0x000000c61b300000] [id=1484]
  0x00000262571766d0 ConcurrentGCThread "G1 Conc#0" [stack: 0x000000c61b300000,0x000000c61b400000] [id=18380]
  0x00000262791c0bd0 ConcurrentGCThread "G1 Conc#1" [stack: 0x000000c61ce00000,0x000000c61cf00000] [id=5996]
  0x00000262791c1130 ConcurrentGCThread "G1 Conc#2" [stack: 0x000000c61d200000,0x000000c61d300000] [id=18168]
  0x00000262571ce780 ConcurrentGCThread "G1 Refine#0" [stack: 0x000000c61b400000,0x000000c61b500000] [id=11244]
  0x00000262752be220 ConcurrentGCThread "G1 Service" [stack: 0x000000c61b500000,0x000000c61b600000] [id=17552]

Threads with active compile tasks:

VM state: not at safepoint (normal execution)

VM Mutex/Monitor currently owned by a thread: None

Heap address: 0x0000000085a00000, size: 1958 MB, Compressed Oops mode: 32-bit

CDS archive(s) mapped at: [0x0000000800000000-0x0000000800bd0000-0x0000000800bd0000), size 12386304, SharedBaseAddress: 0x0000000800000000, ArchiveRelocationMode: 0.
Compressed class space mapped at: 0x0000000800c00000-0x0000000840c00000, reserved size: 1073741824
Narrow klass base: 0x0000000800000000, Narrow klass shift: 0, Narrow klass range: 0x100000000

GC Precious Log:
 CPUs: 12 total, 12 available
 Memory: 7830M
 Large Page Support: Disabled
 NUMA Support: Disabled
 Compressed Oops: Enabled (32-bit)
 Heap Region Size: 1M
 Heap Min Capacity: 8M
 Heap Initial Capacity: 124M
 Heap Max Capacity: 1958M
 Pre-touch: Disabled
 Parallel Workers: 10
 Concurrent Workers: 3
 Concurrent Refinement Workers: 10
 Periodic GC: Disabled

Heap:
 garbage-first heap   total 89088K, used 38128K [0x0000000085a00000, 0x0000000100000000)
  region size 1024K, 7 young (7168K), 3 survivors (3072K)
 Metaspace       used 67587K, committed 68032K, reserved 1114112K
  class space    used 9108K, committed 9344K, reserved 1048576K

Heap Regions: E=young(eden), S=young(survivor), O=old, HS=humongous(starts), HC=humongous(continues), CS=collection set, F=free, OA=open archive, CA=closed archive, TAMS=top-at-mark-start (previous, next)
|   0|0x0000000085a00000, 0x0000000085b00000, 0x0000000085b00000|100%|HS|  |TAMS 0x0000000085b00000, 0x0000000085a00000| Complete 
|   1|0x0000000085b00000, 0x0000000085c00000, 0x0000000085c00000|100%| O|  |TAMS 0x0000000085c00000, 0x0000000085b00000| Untracked 
|   2|0x0000000085c00000, 0x0000000085d00000, 0x0000000085d00000|100%| O|  |TAMS 0x0000000085d00000, 0x0000000085c00000| Untracked 
|   3|0x0000000085d00000, 0x0000000085e00000, 0x0000000085e00000|100%| O|  |TAMS 0x0000000085e00000, 0x0000000085d00000| Untracked 
|   4|0x0000000085e00000, 0x0000000085f00000, 0x0000000085f00000|100%| O|  |TAMS 0x0000000085f00000, 0x0000000085e00000| Untracked 
|   5|0x0000000085f00000, 0x0000000086000000, 0x0000000086000000|100%| O|  |TAMS 0x0000000086000000, 0x0000000085f00000| Untracked 
|   6|0x0000000086000000, 0x0000000086100000, 0x0000000086100000|100%| O|  |TAMS 0x0000000086100000, 0x0000000086000000| Untracked 
|   7|0x0000000086100000, 0x0000000086200000, 0x0000000086200000|100%| O|  |TAMS 0x0000000086200000, 0x0000000086100000| Untracked 
|   8|0x0000000086200000, 0x0000000086300000, 0x0000000086300000|100%| O|  |TAMS 0x0000000086300000, 0x0000000086200000| Untracked 
|   9|0x0000000086300000, 0x0000000086309600, 0x0000000086400000|  3%| O|  |TAMS 0x0000000086309600, 0x0000000086300000| Untracked 
|  10|0x0000000086400000, 0x0000000086500000, 0x0000000086500000|100%| O|  |TAMS 0x0000000086500000, 0x0000000086400000| Untracked 
|  11|0x0000000086500000, 0x0000000086600000, 0x0000000086600000|100%| O|  |TAMS 0x0000000086600000, 0x0000000086500000| Untracked 
|  12|0x0000000086600000, 0x0000000086700000, 0x0000000086700000|100%| O|  |TAMS 0x0000000086700000, 0x0000000086600000| Untracked 
|  13|0x0000000086700000, 0x0000000086800000, 0x0000000086800000|100%| O|  |TAMS 0x0000000086800000, 0x0000000086700000| Untracked 
|  14|0x0000000086800000, 0x0000000086900000, 0x0000000086900000|100%| O|  |TAMS 0x0000000086900000, 0x0000000086800000| Untracked 
|  15|0x0000000086900000, 0x0000000086a00000, 0x0000000086a00000|100%| O|  |TAMS 0x0000000086a00000, 0x0000000086900000| Untracked 
|  16|0x0000000086a00000, 0x0000000086b00000, 0x0000000086b00000|100%| O|  |TAMS 0x0000000086b00000, 0x0000000086a00000| Untracked 
|  17|0x0000000086b00000, 0x0000000086c00000, 0x0000000086c00000|100%| O|  |TAMS 0x0000000086c00000, 0x0000000086b00000| Untracked 
|  18|0x0000000086c00000, 0x0000000086d00000, 0x0000000086d00000|100%|HS|  |TAMS 0x0000000086d00000, 0x0000000086c00000| Complete 
|  19|0x0000000086d00000, 0x0000000086e00000, 0x0000000086e00000|100%|HC|  |TAMS 0x0000000086e00000, 0x0000000086d00000| Complete 
|  20|0x0000000086e00000, 0x0000000086f00000, 0x0000000086f00000|100%| O|  |TAMS 0x0000000086f00000, 0x0000000086e00000| Untracked 
|  21|0x0000000086f00000, 0x0000000087000000, 0x0000000087000000|100%| O|  |TAMS 0x0000000087000000, 0x0000000086f00000| Untracked 
|  22|0x0000000087000000, 0x0000000087100000, 0x0000000087100000|100%| O|  |TAMS 0x0000000087100000, 0x0000000087000000| Untracked 
|  23|0x0000000087100000, 0x0000000087200000, 0x0000000087200000|100%| O|  |TAMS 0x0000000087200000, 0x0000000087100000| Untracked 
|  24|0x0000000087200000, 0x0000000087300000, 0x0000000087300000|100%| O|  |TAMS 0x0000000087300000, 0x0000000087200000| Untracked 
|  25|0x0000000087300000, 0x0000000087400000, 0x0000000087400000|100%| O|  |TAMS 0x0000000087400000, 0x0000000087300000| Untracked 
|  26|0x0000000087400000, 0x0000000087500000, 0x0000000087500000|100%| O|  |TAMS 0x0000000087500000, 0x0000000087400000| Untracked 
|  27|0x0000000087500000, 0x0000000087600000, 0x0000000087600000|100%| O|  |TAMS 0x000000008756f000, 0x0000000087500000| Untracked 
|  28|0x0000000087600000, 0x0000000087700000, 0x0000000087700000|100%| O|  |TAMS 0x0000000087600000, 0x0000000087600000| Untracked 
|  29|0x0000000087700000, 0x0000000087800000, 0x0000000087800000|100%| O|  |TAMS 0x0000000087700000, 0x0000000087700000| Untracked 
|  30|0x0000000087800000, 0x0000000087900000, 0x0000000087900000|100%| O|  |TAMS 0x0000000087800000, 0x0000000087800000| Untracked 
|  31|0x0000000087900000, 0x0000000087a00000, 0x0000000087a00000|100%| O|  |TAMS 0x0000000087900000, 0x0000000087900000| Untracked 
|  32|0x0000000087a00000, 0x0000000087a7f000, 0x0000000087b00000| 49%| O|  |TAMS 0x0000000087a00000, 0x0000000087a00000| Untracked 
|  33|0x0000000087b00000, 0x0000000087b00000, 0x0000000087c00000|  0%| F|  |TAMS 0x0000000087b00000, 0x0000000087b00000| Untracked 
|  34|0x0000000087c00000, 0x0000000087c00000, 0x0000000087d00000|  0%| F|  |TAMS 0x0000000087c00000, 0x0000000087c00000| Untracked 
|  35|0x0000000087d00000, 0x0000000087d00000, 0x0000000087e00000|  0%| F|  |TAMS 0x0000000087d00000, 0x0000000087d00000| Untracked 
|  36|0x0000000087e00000, 0x0000000087e00000, 0x0000000087f00000|  0%| F|  |TAMS 0x0000000087e00000, 0x0000000087e00000| Untracked 
|  37|0x0000000087f00000, 0x0000000087f00000, 0x0000000088000000|  0%| F|  |TAMS 0x0000000087f00000, 0x0000000087f00000| Untracked 
|  38|0x0000000088000000, 0x0000000088000000, 0x0000000088100000|  0%| F|  |TAMS 0x0000000088000000, 0x0000000088000000| Untracked 
|  39|0x0000000088100000, 0x0000000088100000, 0x0000000088200000|  0%| F|  |TAMS 0x0000000088100000, 0x0000000088100000| Untracked 
|  40|0x0000000088200000, 0x0000000088200000, 0x0000000088300000|  0%| F|  |TAMS 0x0000000088200000, 0x0000000088200000| Untracked 
|  41|0x0000000088300000, 0x0000000088300000, 0x0000000088400000|  0%| F|  |TAMS 0x0000000088300000, 0x0000000088300000| Untracked 
|  42|0x0000000088400000, 0x00000000884b3b20, 0x0000000088500000| 70%| S|CS|TAMS 0x0000000088400000, 0x0000000088400000| Complete 
|  43|0x0000000088500000, 0x0000000088500000, 0x0000000088600000|  0%| F|  |TAMS 0x0000000088500000, 0x0000000088500000| Untracked 
|  44|0x0000000088600000, 0x0000000088600000, 0x0000000088700000|  0%| F|  |TAMS 0x0000000088600000, 0x0000000088600000| Untracked 
|  45|0x0000000088700000, 0x0000000088700000, 0x0000000088800000|  0%| F|  |TAMS 0x0000000088700000, 0x0000000088700000| Untracked 
|  46|0x0000000088800000, 0x0000000088900000, 0x0000000088900000|100%| S|CS|TAMS 0x0000000088800000, 0x0000000088800000| Complete 
|  47|0x0000000088900000, 0x0000000088a00000, 0x0000000088a00000|100%| S|CS|TAMS 0x0000000088900000, 0x0000000088900000| Complete 
|  48|0x0000000088a00000, 0x0000000088a00000, 0x0000000088b00000|  0%| F|  |TAMS 0x0000000088a00000, 0x0000000088a00000| Untracked 
|  49|0x0000000088b00000, 0x0000000088b00000, 0x0000000088c00000|  0%| F|  |TAMS 0x0000000088b00000, 0x0000000088b00000| Untracked 
|  50|0x0000000088c00000, 0x0000000088c00000, 0x0000000088d00000|  0%| F|  |TAMS 0x0000000088c00000, 0x0000000088c00000| Untracked 
|  51|0x0000000088d00000, 0x0000000088d00000, 0x0000000088e00000|  0%| F|  |TAMS 0x0000000088d00000, 0x0000000088d00000| Untracked 
|  52|0x0000000088e00000, 0x0000000088e00000, 0x0000000088f00000|  0%| F|  |TAMS 0x0000000088e00000, 0x0000000088e00000| Untracked 
|  53|0x0000000088f00000, 0x0000000088f00000, 0x0000000089000000|  0%| F|  |TAMS 0x0000000088f00000, 0x0000000088f00000| Untracked 
|  54|0x0000000089000000, 0x0000000089000000, 0x0000000089100000|  0%| F|  |TAMS 0x0000000089000000, 0x0000000089000000| Untracked 
|  55|0x0000000089100000, 0x0000000089100000, 0x0000000089200000|  0%| F|  |TAMS 0x0000000089100000, 0x0000000089100000| Untracked 
|  56|0x0000000089200000, 0x0000000089200000, 0x0000000089300000|  0%| F|  |TAMS 0x0000000089200000, 0x0000000089200000| Untracked 
|  57|0x0000000089300000, 0x0000000089300000, 0x0000000089400000|  0%| F|  |TAMS 0x0000000089300000, 0x0000000089300000| Untracked 
|  58|0x0000000089400000, 0x0000000089400000, 0x0000000089500000|  0%| F|  |TAMS 0x0000000089400000, 0x0000000089400000| Untracked 
|  59|0x0000000089500000, 0x0000000089500000, 0x0000000089600000|  0%| F|  |TAMS 0x0000000089500000, 0x0000000089500000| Untracked 
|  60|0x0000000089600000, 0x0000000089600000, 0x0000000089700000|  0%| F|  |TAMS 0x0000000089600000, 0x0000000089600000| Untracked 
|  61|0x0000000089700000, 0x0000000089700000, 0x0000000089800000|  0%| F|  |TAMS 0x0000000089700000, 0x0000000089700000| Untracked 
|  62|0x0000000089800000, 0x0000000089800000, 0x0000000089900000|  0%| F|  |TAMS 0x0000000089800000, 0x0000000089800000| Untracked 
|  63|0x0000000089900000, 0x0000000089900000, 0x0000000089a00000|  0%| F|  |TAMS 0x0000000089900000, 0x0000000089900000| Untracked 
|  64|0x0000000089a00000, 0x0000000089a00000, 0x0000000089b00000|  0%| F|  |TAMS 0x0000000089a00000, 0x0000000089a00000| Untracked 
|  65|0x0000000089b00000, 0x0000000089b00000, 0x0000000089c00000|  0%| F|  |TAMS 0x0000000089b00000, 0x0000000089b00000| Untracked 
|  66|0x0000000089c00000, 0x0000000089c00000, 0x0000000089d00000|  0%| F|  |TAMS 0x0000000089c00000, 0x0000000089c00000| Untracked 
|  67|0x0000000089d00000, 0x0000000089d00000, 0x0000000089e00000|  0%| F|  |TAMS 0x0000000089d00000, 0x0000000089d00000| Untracked 
|  68|0x0000000089e00000, 0x0000000089e00000, 0x0000000089f00000|  0%| F|  |TAMS 0x0000000089e00000, 0x0000000089e00000| Untracked 
|  69|0x0000000089f00000, 0x0000000089f00000, 0x000000008a000000|  0%| F|  |TAMS 0x0000000089f00000, 0x0000000089f00000| Untracked 
|  70|0x000000008a000000, 0x000000008a000000, 0x000000008a100000|  0%| F|  |TAMS 0x000000008a000000, 0x000000008a000000| Untracked 
|  71|0x000000008a100000, 0x000000008a100000, 0x000000008a200000|  0%| F|  |TAMS 0x000000008a100000, 0x000000008a100000| Untracked 
|  72|0x000000008a200000, 0x000000008a200000, 0x000000008a300000|  0%| F|  |TAMS 0x000000008a200000, 0x000000008a200000| Untracked 
|  73|0x000000008a300000, 0x000000008a300000, 0x000000008a400000|  0%| F|  |TAMS 0x000000008a300000, 0x000000008a300000| Untracked 
|  74|0x000000008a400000, 0x000000008a400000, 0x000000008a500000|  0%| F|  |TAMS 0x000000008a400000, 0x000000008a400000| Untracked 
|  75|0x000000008a500000, 0x000000008a500000, 0x000000008a600000|  0%| F|  |TAMS 0x000000008a500000, 0x000000008a500000| Untracked 
|  76|0x000000008a600000, 0x000000008a600000, 0x000000008a700000|  0%| F|  |TAMS 0x000000008a600000, 0x000000008a600000| Untracked 
|  77|0x000000008a700000, 0x000000008a700000, 0x000000008a800000|  0%| F|  |TAMS 0x000000008a700000, 0x000000008a700000| Untracked 
|  78|0x000000008a800000, 0x000000008a800000, 0x000000008a900000|  0%| F|  |TAMS 0x000000008a800000, 0x000000008a800000| Untracked 
|  79|0x000000008a900000, 0x000000008a900000, 0x000000008aa00000|  0%| F|  |TAMS 0x000000008a900000, 0x000000008a900000| Untracked 
|  80|0x000000008aa00000, 0x000000008aa00000, 0x000000008ab00000|  0%| F|  |TAMS 0x000000008aa00000, 0x000000008aa00000| Untracked 
|  81|0x000000008ab00000, 0x000000008ab00000, 0x000000008ac00000|  0%| F|  |TAMS 0x000000008ab00000, 0x000000008ab00000| Untracked 
| 110|0x000000008c800000, 0x000000008c800000, 0x000000008c900000|  0%| F|  |TAMS 0x000000008c800000, 0x000000008c800000| Untracked 
| 111|0x000000008c900000, 0x000000008c98d8f0, 0x000000008ca00000| 55%| E|  |TAMS 0x000000008c900000, 0x000000008c900000| Complete 
| 112|0x000000008ca00000, 0x000000008cb00000, 0x000000008cb00000|100%| E|CS|TAMS 0x000000008ca00000, 0x000000008ca00000| Complete 
| 113|0x000000008cb00000, 0x000000008cc00000, 0x000000008cc00000|100%| E|CS|TAMS 0x000000008cb00000, 0x000000008cb00000| Complete 
| 123|0x000000008d500000, 0x000000008d600000, 0x000000008d600000|100%| E|CS|TAMS 0x000000008d500000, 0x000000008d500000| Complete 

Card table byte_map: [0x000002626e2d0000,0x000002626e6b0000] _byte_map_base: 0x000002626dea3000

Marking Bits (Prev, Next): (CMBitMap*) 0x000002625716a500, (CMBitMap*) 0x000002625716a4c0
 Prev Bits: [0x0000026270930000, 0x00000262727c8000)
 Next Bits: [0x000002626ea90000, 0x0000026270928000)

Polling page: 0x00000262568d0000

Metaspace:

Usage:
  Non-class:     57.11 MB used.
      Class:      8.90 MB used.
       Both:     66.00 MB used.

Virtual space:
  Non-class space:       64.00 MB reserved,      57.31 MB ( 90%) committed,  8 nodes.
      Class space:        1.00 GB reserved,       9.12 MB ( <1%) committed,  1 nodes.
             Both:        1.06 GB reserved,      66.44 MB (  6%) committed. 

Chunk freelists:
   Non-Class:  2.61 MB
       Class:  2.87 MB
        Both:  5.48 MB

MaxMetaspaceSize: unlimited
CompressedClassSpaceSize: 1.00 GB
Initial GC threshold: 21.00 MB
Current GC threshold: 97.94 MB
CDS: on
MetaspaceReclaimPolicy: balanced
 - commit_granule_bytes: 65536.
 - commit_granule_words: 8192.
 - virtual_space_node_default_size: 1048576.
 - enlarge_chunks_in_place: 1.
 - new_chunks_are_fully_committed: 0.
 - uncommit_free_chunks: 1.
 - use_allocation_guard: 0.
 - handle_deallocations: 1.


Internal statistics:

num_allocs_failed_limit: 9.
num_arena_births: 452.
num_arena_deaths: 0.
num_vsnodes_births: 9.
num_vsnodes_deaths: 0.
num_space_committed: 1063.
num_space_uncommitted: 0.
num_chunks_returned_to_freelist: 9.
num_chunks_taken_from_freelist: 2922.
num_chunk_merges: 9.
num_chunk_splits: 2135.
num_chunks_enlarged: 1739.
num_purges: 0.
num_inconsistent_stats: 0.

CodeHeap 'non-profiled nmethods': size=120000Kb used=4459Kb max_used=4459Kb free=115540Kb
 bounds [0x0000026266450000, 0x00000262668b0000, 0x000002626d980000]
CodeHeap 'profiled nmethods': size=120000Kb used=11941Kb max_used=11941Kb free=108058Kb
 bounds [0x000002625e980000, 0x000002625f530000, 0x0000026265eb0000]
CodeHeap 'non-nmethods': size=5760Kb used=1356Kb max_used=1402Kb free=4403Kb
 bounds [0x0000026265eb0000, 0x0000026266120000, 0x0000026266450000]
 total_blobs=6994 nmethods=6314 adapters=591
 compilation: enabled
              stopped_count=0, restarted_count=0
 full_count=0

Compilation events (20 events):
Event: 11.809 Thread 0x0000026275437480 nmethod 6959 0x000002626689ff90 code [0x00000262668a0120, 0x00000262668a01f8]
Event: 11.809 Thread 0x0000026275437480 6960       3       java.lang.Character::isWhitespace (5 bytes)
Event: 11.810 Thread 0x0000026275437480 nmethod 6960 0x000002625f50a690 code [0x000002625f50a840, 0x000002625f50aa98]
Event: 11.810 Thread 0x0000026275437480 6961       1       javax.print.MimeType$LexicalAnalyzer::getLexemeType (5 bytes)
Event: 11.810 Thread 0x0000026275437480 nmethod 6961 0x00000262668a0290 code [0x00000262668a0420, 0x00000262668a04f8]
Event: 11.810 Thread 0x0000026275437480 6962       3       javax.print.MimeType$LexicalAnalyzer::nextLexeme (769 bytes)
Event: 11.810 Thread 0x0000026278e0d7b0 nmethod 6939 0x00000262668a0590 code [0x00000262668a08a0, 0x00000262668a2d08]
Event: 11.811 Thread 0x0000026275437480 nmethod 6962 0x000002625f50ab90 code [0x000002625f50afc0, 0x000002625f50d6b8]
Event: 11.811 Thread 0x0000026275437480 6963  s    3       java.util.Vector::add (25 bytes)
Event: 11.811 Thread 0x0000026275437480 nmethod 6963 0x000002625f50e010 code [0x000002625f50e1e0, 0x000002625f50e6c8]
Event: 11.813 Thread 0x0000026275437480 6964       3       javax.print.DocFlavor::getStringValue (29 bytes)
Event: 11.814 Thread 0x0000026275437480 nmethod 6964 0x000002625f50e890 code [0x000002625f50ece0, 0x000002625f511f38]
Event: 11.814 Thread 0x0000026275437480 6966  s    3       java.io.ByteArrayOutputStream::write (32 bytes)
Event: 11.815 Thread 0x0000026275437480 nmethod 6966 0x000002625f512a90 code [0x000002625f512c40, 0x000002625f512e88]
Event: 11.815 Thread 0x0000026275437480 6967       3       sun.nio.cs.SingleByte$Encoder::encode (32 bytes)
Event: 11.815 Thread 0x0000026275437480 nmethod 6967 0x000002625f512f90 code [0x000002625f513140, 0x000002625f513318]
Event: 11.815 Thread 0x0000026275437480 6965       3       sun.nio.cs.UTF_8::updatePositions (23 bytes)
Event: 11.815 Thread 0x0000026275437480 nmethod 6965 0x000002625f513490 code [0x000002625f513660, 0x000002625f513a98]
Event: 11.815 Thread 0x0000026275437480 6968       3       javax.print.DocFlavor::equals (34 bytes)
Event: 11.817 Thread 0x0000026275437480 nmethod 6968 0x000002625f513c10 code [0x000002625f5142a0, 0x000002625f518298]

GC Heap History (20 events):
Event: 2.324 GC heap before
{Heap before GC invocations=8 (full 0):
 garbage-first heap   total 61440K, used 30258K [0x0000000085a00000, 0x0000000100000000)
  region size 1024K, 14 young (14336K), 2 survivors (2048K)
 Metaspace       used 35646K, committed 35968K, reserved 1081344K
  class space    used 4492K, committed 4672K, reserved 1048576K
}
Event: 2.327 GC heap after
{Heap after GC invocations=9 (full 0):
 garbage-first heap   total 61440K, used 20315K [0x0000000085a00000, 0x0000000100000000)
  region size 1024K, 3 young (3072K), 3 survivors (3072K)
 Metaspace       used 35646K, committed 35968K, reserved 1081344K
  class space    used 4492K, committed 4672K, reserved 1048576K
}
Event: 2.813 GC heap before
{Heap before GC invocations=10 (full 0):
 garbage-first heap   total 61440K, used 46939K [0x0000000085a00000, 0x0000000100000000)
  region size 1024K, 28 young (28672K), 3 survivors (3072K)
 Metaspace       used 41326K, committed 41664K, reserved 1089536K
  class space    used 5417K, committed 5568K, reserved 1048576K
}
Event: 2.817 GC heap after
{Heap after GC invocations=11 (full 0):
 garbage-first heap   total 61440K, used 23643K [0x0000000085a00000, 0x0000000100000000)
  region size 1024K, 3 young (3072K), 3 survivors (3072K)
 Metaspace       used 41326K, committed 41664K, reserved 1089536K
  class space    used 5417K, committed 5568K, reserved 1048576K
}
Event: 3.159 GC heap before
{Heap before GC invocations=11 (full 0):
 garbage-first heap   total 61440K, used 46171K [0x0000000085a00000, 0x0000000100000000)
  region size 1024K, 25 young (25600K), 3 survivors (3072K)
 Metaspace       used 47225K, committed 47488K, reserved 1097728K
  class space    used 6253K, committed 6400K, reserved 1048576K
}
Event: 3.162 GC heap after
{Heap after GC invocations=12 (full 0):
 garbage-first heap   total 61440K, used 24880K [0x0000000085a00000, 0x0000000100000000)
  region size 1024K, 3 young (3072K), 3 survivors (3072K)
 Metaspace       used 47225K, committed 47488K, reserved 1097728K
  class space    used 6253K, committed 6400K, reserved 1048576K
}
Event: 3.446 GC heap before
{Heap before GC invocations=12 (full 0):
 garbage-first heap   total 61440K, used 47408K [0x0000000085a00000, 0x0000000100000000)
  region size 1024K, 25 young (25600K), 3 survivors (3072K)
 Metaspace       used 51634K, committed 51968K, reserved 1097728K
  class space    used 6969K, committed 7104K, reserved 1048576K
}
Event: 3.449 GC heap after
{Heap after GC invocations=13 (full 0):
 garbage-first heap   total 61440K, used 26038K [0x0000000085a00000, 0x0000000100000000)
  region size 1024K, 3 young (3072K), 3 survivors (3072K)
 Metaspace       used 51634K, committed 51968K, reserved 1097728K
  class space    used 6969K, committed 7104K, reserved 1048576K
}
Event: 3.682 GC heap before
{Heap before GC invocations=13 (full 0):
 garbage-first heap   total 61440K, used 47542K [0x0000000085a00000, 0x0000000100000000)
  region size 1024K, 24 young (24576K), 3 survivors (3072K)
 Metaspace       used 54190K, committed 54528K, reserved 1097728K
  class space    used 7307K, committed 7488K, reserved 1048576K
}
Event: 3.686 GC heap after
{Heap after GC invocations=14 (full 0):
 garbage-first heap   total 61440K, used 27540K [0x0000000085a00000, 0x0000000100000000)
  region size 1024K, 3 young (3072K), 3 survivors (3072K)
 Metaspace       used 54190K, committed 54528K, reserved 1097728K
  class space    used 7307K, committed 7488K, reserved 1048576K
}
Event: 3.811 GC heap before
{Heap before GC invocations=14 (full 0):
 garbage-first heap   total 61440K, used 48020K [0x0000000085a00000, 0x0000000100000000)
  region size 1024K, 23 young (23552K), 3 survivors (3072K)
 Metaspace       used 55305K, committed 55680K, reserved 1097728K
  class space    used 7459K, committed 7680K, reserved 1048576K
}
Event: 3.813 GC heap after
{Heap after GC invocations=15 (full 0):
 garbage-first heap   total 73728K, used 28313K [0x0000000085a00000, 0x0000000100000000)
  region size 1024K, 3 young (3072K), 3 survivors (3072K)
 Metaspace       used 55305K, committed 55680K, reserved 1097728K
  class space    used 7459K, committed 7680K, reserved 1048576K
}
Event: 4.244 GC heap before
{Heap before GC invocations=15 (full 0):
 garbage-first heap   total 73728K, used 56985K [0x0000000085a00000, 0x0000000100000000)
  region size 1024K, 31 young (31744K), 3 survivors (3072K)
 Metaspace       used 58750K, committed 59136K, reserved 1105920K
  class space    used 7880K, committed 8064K, reserved 1048576K
}
Event: 4.249 GC heap after
{Heap after GC invocations=16 (full 0):
 garbage-first heap   total 73728K, used 31201K [0x0000000085a00000, 0x0000000100000000)
  region size 1024K, 4 young (4096K), 4 survivors (4096K)
 Metaspace       used 58750K, committed 59136K, reserved 1105920K
  class space    used 7880K, committed 8064K, reserved 1048576K
}
Event: 4.385 GC heap before
{Heap before GC invocations=16 (full 0):
 garbage-first heap   total 73728K, used 40417K [0x0000000085a00000, 0x0000000100000000)
  region size 1024K, 14 young (14336K), 4 survivors (4096K)
 Metaspace       used 59761K, committed 60096K, reserved 1105920K
  class space    used 8018K, committed 8192K, reserved 1048576K
}
Event: 4.389 GC heap after
{Heap after GC invocations=17 (full 0):
 garbage-first heap   total 73728K, used 32586K [0x0000000085a00000, 0x0000000100000000)
  region size 1024K, 2 young (2048K), 2 survivors (2048K)
 Metaspace       used 59761K, committed 60096K, reserved 1105920K
  class space    used 8018K, committed 8192K, reserved 1048576K
}
Event: 4.672 GC heap before
{Heap before GC invocations=18 (full 0):
 garbage-first heap   total 73728K, used 57162K [0x0000000085a00000, 0x0000000100000000)
  region size 1024K, 26 young (26624K), 2 survivors (2048K)
 Metaspace       used 61741K, committed 62080K, reserved 1105920K
  class space    used 8378K, committed 8576K, reserved 1048576K
}
Event: 4.675 GC heap after
{Heap after GC invocations=19 (full 0):
 garbage-first heap   total 73728K, used 33551K [0x0000000085a00000, 0x0000000100000000)
  region size 1024K, 3 young (3072K), 3 survivors (3072K)
 Metaspace       used 61741K, committed 62080K, reserved 1105920K
  class space    used 8378K, committed 8576K, reserved 1048576K
}
Event: 11.753 GC heap before
{Heap before GC invocations=19 (full 0):
 garbage-first heap   total 73728K, used 57103K [0x0000000085a00000, 0x0000000100000000)
  region size 1024K, 27 young (27648K), 3 survivors (3072K)
 Metaspace       used 66176K, committed 66624K, reserved 1114112K
  class space    used 8923K, committed 9152K, reserved 1048576K
}
Event: 11.757 GC heap after
{Heap after GC invocations=20 (full 0):
 garbage-first heap   total 89088K, used 35056K [0x0000000085a00000, 0x0000000100000000)
  region size 1024K, 3 young (3072K), 3 survivors (3072K)
 Metaspace       used 66176K, committed 66624K, reserved 1114112K
  class space    used 8923K, committed 9152K, reserved 1048576K
}

Deoptimization events (20 events):
Event: 11.811 Thread 0x0000026276b794b0 Uncommon trap: trap_request=0xffffffde fr.pc=0x00000262667bfc78 relative=0x0000000000000058
Event: 11.811 Thread 0x0000026276b794b0 Uncommon trap: reason=class_check action=maybe_recompile pc=0x00000262667bfc78 method=java.lang.invoke.Invokers$Holder.linkToTargetMethod(Ljava/lang/Object;Ljava/lang/Object;Ljava/lang/Object;)Ljava/lang/Object; @ 1 c2
Event: 11.811 Thread 0x0000026276b794b0 DEOPT PACKING pc=0x00000262667bfc78 sp=0x000000c61ddfc860
Event: 11.811 Thread 0x0000026276b794b0 DEOPT UNPACKING pc=0x0000026265f05ba3 sp=0x000000c61ddfc7e8 mode 2
Event: 11.811 Thread 0x0000026276b794b0 Uncommon trap: trap_request=0xffffffde fr.pc=0x00000262667bfc78 relative=0x0000000000000058
Event: 11.811 Thread 0x0000026276b794b0 Uncommon trap: reason=class_check action=maybe_recompile pc=0x00000262667bfc78 method=java.lang.invoke.Invokers$Holder.linkToTargetMethod(Ljava/lang/Object;Ljava/lang/Object;Ljava/lang/Object;)Ljava/lang/Object; @ 1 c2
Event: 11.811 Thread 0x0000026276b794b0 DEOPT PACKING pc=0x00000262667bfc78 sp=0x000000c61ddfc850
Event: 11.811 Thread 0x0000026276b794b0 DEOPT UNPACKING pc=0x0000026265f05ba3 sp=0x000000c61ddfc7d8 mode 2
Event: 11.811 Thread 0x0000026276b794b0 Uncommon trap: trap_request=0xffffffde fr.pc=0x00000262667bfc78 relative=0x0000000000000058
Event: 11.811 Thread 0x0000026276b794b0 Uncommon trap: reason=class_check action=maybe_recompile pc=0x00000262667bfc78 method=java.lang.invoke.Invokers$Holder.linkToTargetMethod(Ljava/lang/Object;Ljava/lang/Object;Ljava/lang/Object;)Ljava/lang/Object; @ 1 c2
Event: 11.811 Thread 0x0000026276b794b0 DEOPT PACKING pc=0x00000262667bfc78 sp=0x000000c61ddfc850
Event: 11.811 Thread 0x0000026276b794b0 DEOPT UNPACKING pc=0x0000026265f05ba3 sp=0x000000c61ddfc7d8 mode 2
Event: 11.814 Thread 0x000002627e5da220 Uncommon trap: trap_request=0xffffff45 fr.pc=0x0000026266517f30 relative=0x0000000000000290
Event: 11.814 Thread 0x000002627e5da220 Uncommon trap: reason=unstable_if action=reinterpret pc=0x0000026266517f30 method=java.lang.invoke.MethodType.equals(Ljava/lang/Object;)Z @ 11 c2
Event: 11.814 Thread 0x000002627e5da220 DEOPT PACKING pc=0x0000026266517f30 sp=0x000000c61d8fe170
Event: 11.814 Thread 0x000002627e5da220 DEOPT UNPACKING pc=0x0000026265f05ba3 sp=0x000000c61d8fe138 mode 2
Event: 11.814 Thread 0x000002627e5da220 Uncommon trap: trap_request=0xffffff54 fr.pc=0x00000262668846dc relative=0x000000000000079c
Event: 11.814 Thread 0x000002627e5da220 Uncommon trap: reason=speculate_null_assert action=make_not_entrant pc=0x00000262668846dc method=java.lang.invoke.MethodType$ConcurrentWeakInternSet.add(Ljava/lang/Object;)Ljava/lang/Object; @ 47 c2
Event: 11.814 Thread 0x000002627e5da220 DEOPT PACKING pc=0x00000262668846dc sp=0x000000c61d8fe350
Event: 11.814 Thread 0x000002627e5da220 DEOPT UNPACKING pc=0x0000026265f05ba3 sp=0x000000c61d8fe2e8 mode 2

Classes unloaded (0 events):
No events

Classes redefined (0 events):
No events

Internal exceptions (20 events):
Event: 4.346 Thread 0x0000026276e0f5d0 Implicit null exception at 0x00000262665b55ba to 0x00000262665b57a8
Event: 4.410 Thread 0x0000026276e0f5d0 Exception <a 'java/lang/NoSuchMethodError'{0x000000008cb82998}: 'java.lang.Object java.lang.invoke.DirectMethodHandle$Holder.invokeSpecial(java.lang.Object, java.lang.Object, int, java.lang.Object, int, java.lang.Object)'> (0x000000008cb82998) 
thrown [s\open\src\hotspot\share\interpreter\linkResolver.cpp, line 759]
Event: 4.410 Thread 0x0000026276e0f5d0 Exception <a 'java/lang/NoSuchMethodError'{0x000000008cb8aa40}: 'java.lang.Object java.lang.invoke.DirectMethodHandle$Holder.newInvokeSpecial(java.lang.Object, java.lang.Object, int, java.lang.Object, int)'> (0x000000008cb8aa40) 
thrown [s\open\src\hotspot\share\interpreter\linkResolver.cpp, line 759]
Event: 4.410 Thread 0x0000026276e0f5d0 Exception <a 'java/lang/NoSuchMethodError'{0x000000008cb8eb40}: 'java.lang.Object java.lang.invoke.DirectMethodHandle$Holder.invokeSpecial(java.lang.Object, java.lang.Object, java.lang.Object, int, java.lang.Object, int)'> (0x000000008cb8eb40) 
thrown [s\open\src\hotspot\share\interpreter\linkResolver.cpp, line 759]
Event: 4.411 Thread 0x0000026276e0f5d0 Exception <a 'java/lang/NoSuchMethodError'{0x000000008cb98a18}: 'void java.lang.invoke.DirectMethodHandle$Holder.invokeVirtual(java.lang.Object, java.lang.Object)'> (0x000000008cb98a18) 
thrown [s\open\src\hotspot\share\interpreter\linkResolver.cpp, line 759]
Event: 4.495 Thread 0x0000026276e0f5d0 Exception <a 'java/lang/NoSuchMethodError'{0x00000000899415b8}: 'java.lang.Object java.lang.invoke.DirectMethodHandle$Holder.newInvokeSpecial(java.lang.Object, java.lang.Object, java.lang.Object, java.lang.Object, java.lang.Object, java.lang.Object, java.lang.Object)'> (0x00000000899415b8) 
thrown [s\open\src\hotspot\share\interpreter\linkResolver.cpp, line 759]
Event: 4.495 Thread 0x0000026276e0f5d0 Exception <a 'java/lang/NoSuchMethodError'{0x0000000089945a90}: 'java.lang.Object java.lang.invoke.Invokers$Holder.linkToTargetMethod(java.lang.Object, java.lang.Object, java.lang.Object, java.lang.Object, java.lang.Object, java.lang.Object, java.lang.Object)'> (0x0000000089945a90) 
thrown [s\open\src\hotspot\share\interpreter\linkResolver.cpp, line 759]
Event: 4.527 Thread 0x0000026276e0f5d0 Implicit null exception at 0x00000262666a636c to 0x00000262666a6414
Event: 4.567 Thread 0x0000026276e0f5d0 Exception <a 'java/lang/NoSuchMethodError'{0x00000000893e6278}: 'java.lang.Object java.lang.invoke.DirectMethodHandle$Holder.newInvokeSpecial(java.lang.Object, java.lang.Object, java.lang.Object, int)'> (0x00000000893e6278) 
thrown [s\open\src\hotspot\share\interpreter\linkResolver.cpp, line 759]
Event: 4.568 Thread 0x0000026276e0f5d0 Exception <a 'java/lang/NoSuchMethodError'{0x00000000893ea560}: 'java.lang.Object java.lang.invoke.DirectMethodHandle$Holder.invokeSpecial(java.lang.Object, java.lang.Object, java.lang.Object, java.lang.Object, int)'> (0x00000000893ea560) 
thrown [s\open\src\hotspot\share\interpreter\linkResolver.cpp, line 759]
Event: 4.568 Thread 0x0000026276e0f5d0 Exception <a 'java/lang/NoSuchMethodError'{0x00000000893edc68}: 'java.lang.Object java.lang.invoke.Invokers$Holder.linkToTargetMethod(java.lang.Object, java.lang.Object, int, java.lang.Object)'> (0x00000000893edc68) 
thrown [s\open\src\hotspot\share\interpreter\linkResolver.cpp, line 759]
Event: 4.592 Thread 0x0000026276e0f5d0 Exception <a 'java/lang/NoSuchMethodError'{0x000000008917daa8}: 'java.lang.Object java.lang.invoke.DirectMethodHandle$Holder.invokeStatic(java.lang.Object, int, java.lang.Object)'> (0x000000008917daa8) 
thrown [s\open\src\hotspot\share\interpreter\linkResolver.cpp, line 759]
Event: 4.769 Thread 0x0000026276e0f5d0 Exception <a 'java/lang/ClassNotFoundException'{0x0000000089864938}: java/lang/ObjectCustomizer> (0x0000000089864938) 
thrown [s\open\src\hotspot\share\classfile\systemDictionary.cpp, line 256]
Event: 4.770 Thread 0x0000026276e0f5d0 Exception <a 'java/lang/ClassNotFoundException'{0x000000008986dbf0}: illarli/middelware/Models/DocumentTypeCustomizer> (0x000000008986dbf0) 
thrown [s\open\src\hotspot\share\classfile\systemDictionary.cpp, line 256]
Event: 4.796 Thread 0x0000026276e0f5d0 Exception <a 'java/lang/NoSuchMethodError'{0x00000000897cc898}: 'java.lang.Object java.lang.invoke.DirectMethodHandle$Holder.invokeStaticInit(java.lang.Object, java.lang.Object, java.lang.Object, java.lang.Object, java.lang.Object, java.lang.Object)'> (0x00000000897cc898) 
thrown [s\open\src\hotspot\share\interpreter\linkResolver.cpp, line 759]
Event: 4.812 Thread 0x0000026276e0f5d0 Exception <a 'java/lang/ClassNotFoundException'{0x0000000089682870}: java/lang/ObjectCustomizer> (0x0000000089682870) 
thrown [s\open\src\hotspot\share\classfile\systemDictionary.cpp, line 256]
Event: 4.813 Thread 0x0000026276e0f5d0 Exception <a 'java/lang/ClassNotFoundException'{0x000000008968bb28}: illarli/middelware/Models/BalanceTypeCustomizer> (0x000000008968bb28) 
thrown [s\open\src\hotspot\share\classfile\systemDictionary.cpp, line 256]
Event: 11.787 Thread 0x0000026276b794b0 Exception <a 'java/lang/ClassNotFoundException'{0x000000008cb0fcc8}: sun/awt/resources/spi/awtProvider> (0x000000008cb0fcc8) 
thrown [s\open\src\hotspot\share\classfile\systemDictionary.cpp, line 256]
Event: 11.796 Thread 0x0000026276b794b0 Exception <a 'java/io/FileNotFoundException'{0x000000008cb3a160}> (0x000000008cb3a160) 
thrown [s\open\src\hotspot\share\prims\jni.cpp, line 516]
Event: 11.797 Thread 0x0000026276b794b0 Exception <a 'java/io/FileNotFoundException'{0x000000008cb3bc28}> (0x000000008cb3bc28) 
thrown [s\open\src\hotspot\share\prims\jni.cpp, line 516]

VM Operations (20 events):
Event: 4.756 Executing VM operation: HandshakeAllThreads
Event: 4.756 Executing VM operation: HandshakeAllThreads done
Event: 4.769 Executing VM operation: HandshakeAllThreads
Event: 4.769 Executing VM operation: HandshakeAllThreads done
Event: 5.778 Executing VM operation: Cleanup
Event: 5.778 Executing VM operation: Cleanup done
Event: 8.802 Executing VM operation: Cleanup
Event: 8.802 Executing VM operation: Cleanup done
Event: 11.597 Executing VM operation: HandshakeAllThreads
Event: 11.597 Executing VM operation: HandshakeAllThreads done
Event: 11.597 Executing VM operation: Cleanup
Event: 11.597 Executing VM operation: Cleanup done
Event: 11.614 Executing VM operation: HandshakeAllThreads
Event: 11.614 Executing VM operation: HandshakeAllThreads done
Event: 11.626 Executing VM operation: HandshakeAllThreads
Event: 11.626 Executing VM operation: HandshakeAllThreads done
Event: 11.753 Executing VM operation: G1CollectForAllocation
Event: 11.757 Executing VM operation: G1CollectForAllocation done
Event: 11.819 Executing VM operation: HandshakeAllThreads
Event: 11.819 Executing VM operation: HandshakeAllThreads done

Events (20 events):
Event: 11.814 loading class javax/print/attribute/HashPrintRequestAttributeSet
Event: 11.814 Thread 0x000002627e5d8070 Thread added: 0x000002627e5d8070
Event: 11.814 loading class javax/print/attribute/PrintRequestAttributeSet
Event: 11.814 loading class javax/print/attribute/PrintRequestAttributeSet done
Event: 11.814 loading class javax/print/attribute/HashAttributeSet
Event: 11.814 loading class javax/print/attribute/HashAttributeSet done
Event: 11.814 loading class javax/print/attribute/HashPrintRequestAttributeSet done
Event: 11.814 loading class javax/print/attribute/HashPrintJobAttributeSet
Event: 11.814 loading class javax/print/attribute/PrintJobAttributeSet
Event: 11.814 loading class javax/print/attribute/PrintJobAttributeSet done
Event: 11.814 loading class javax/print/attribute/HashPrintJobAttributeSet done
Event: 11.814 loading class javax/print/attribute/standard/JobOriginatingUserName
Event: 11.814 loading class javax/print/attribute/standard/JobOriginatingUserName done
Event: 11.814 loading class javax/print/attribute/AttributeSetUtilities
Event: 11.814 loading class javax/print/attribute/AttributeSetUtilities done
Event: 11.814 loading class javax/print/attribute/AttributeSetUtilities$UnmodifiablePrintJobAttributeSet
Event: 11.814 loading class javax/print/attribute/AttributeSetUtilities$UnmodifiableAttributeSet
Event: 11.814 loading class javax/print/attribute/AttributeSetUtilities$UnmodifiableAttributeSet done
Event: 11.814 loading class javax/print/attribute/AttributeSetUtilities$UnmodifiablePrintJobAttributeSet done
Event: 11.817 Thread 0x000002627e5de0b0 Thread added: 0x000002627e5de0b0


Dynamic libraries:
0x00007ff7337a0000 - 0x00007ff7337b0000 	C:\Program Files\Java\jdk-17\bin\java.exe
0x00007fff1cfb0000 - 0x00007fff1d1c4000 	C:\WINDOWS\SYSTEM32\ntdll.dll
0x00007fff1be10000 - 0x00007fff1bed4000 	C:\WINDOWS\System32\KERNEL32.DLL
0x00007fff1a950000 - 0x00007fff1acf4000 	C:\WINDOWS\System32\KERNELBASE.dll
0x00007fff1a5a0000 - 0x00007fff1a6b1000 	C:\WINDOWS\System32\ucrtbase.dll
0x00007ffeed9a0000 - 0x00007ffeed9b9000 	C:\Program Files\Java\jdk-17\bin\jli.dll
0x00007ffeed560000 - 0x00007ffeed57b000 	C:\Program Files\Java\jdk-17\bin\VCRUNTIME140.dll
0x00007fff1bce0000 - 0x00007fff1bd90000 	C:\WINDOWS\System32\ADVAPI32.dll
0x00007fff1ca80000 - 0x00007fff1cb27000 	C:\WINDOWS\System32\msvcrt.dll
0x00007fff1b2f0000 - 0x00007fff1b396000 	C:\WINDOWS\System32\sechost.dll
0x00007fff1c810000 - 0x00007fff1c927000 	C:\WINDOWS\System32\RPCRT4.dll
0x00007fff1b3a0000 - 0x00007fff1b54a000 	C:\WINDOWS\System32\USER32.dll
0x00007ffef6910000 - 0x00007ffef6b9f000 	C:\WINDOWS\WinSxS\amd64_microsoft.windows.common-controls_6595b64144ccf1df_6.0.22621.2070_none_2713e6537381f706\COMCTL32.dll
0x00007fff1a4b0000 - 0x00007fff1a4d6000 	C:\WINDOWS\System32\win32u.dll
0x00007fff1cb40000 - 0x00007fff1cb69000 	C:\WINDOWS\System32\GDI32.dll
0x00007fff1a390000 - 0x00007fff1a4a9000 	C:\WINDOWS\System32\gdi32full.dll
0x00007fff1a6c0000 - 0x00007fff1a75a000 	C:\WINDOWS\System32\msvcp_win.dll
0x00007fff0ebc0000 - 0x00007fff0ebca000 	C:\WINDOWS\SYSTEM32\VERSION.dll
0x00007fff1b750000 - 0x00007fff1b781000 	C:\WINDOWS\System32\IMM32.DLL
0x00007ffef4c70000 - 0x00007ffef4c7c000 	C:\Program Files\Java\jdk-17\bin\vcruntime140_1.dll
0x00007ffebcea0000 - 0x00007ffebcf2e000 	C:\Program Files\Java\jdk-17\bin\msvcp140.dll
0x00007ffe8f3b0000 - 0x00007ffe8ff8d000 	C:\Program Files\Java\jdk-17\bin\server\jvm.dll
0x00007fff1ae50000 - 0x00007fff1ae58000 	C:\WINDOWS\System32\PSAPI.DLL
0x00007ffef2e60000 - 0x00007ffef2e69000 	C:\WINDOWS\SYSTEM32\WSOCK32.dll
0x00007fff0fd60000 - 0x00007fff0fd94000 	C:\WINDOWS\SYSTEM32\WINMM.dll
0x00007fff1bd90000 - 0x00007fff1be01000 	C:\WINDOWS\System32\WS2_32.dll
0x00007fff19470000 - 0x00007fff19488000 	C:\WINDOWS\SYSTEM32\kernel.appcore.dll
0x00007ffef3200000 - 0x00007ffef320a000 	C:\Program Files\Java\jdk-17\bin\jimage.dll
0x00007fff17f20000 - 0x00007fff1814e000 	C:\WINDOWS\SYSTEM32\DBGHELP.DLL
0x00007fff1b950000 - 0x00007fff1bcda000 	C:\WINDOWS\System32\combase.dll
0x00007fff1c9a0000 - 0x00007fff1ca77000 	C:\WINDOWS\System32\OLEAUT32.dll
0x00007ffef6020000 - 0x00007ffef6052000 	C:\WINDOWS\SYSTEM32\dbgcore.DLL
0x00007fff1a760000 - 0x00007fff1a7da000 	C:\WINDOWS\System32\bcryptPrimitives.dll
0x00007ffef29d0000 - 0x00007ffef29de000 	C:\Program Files\Java\jdk-17\bin\instrument.dll
0x00007ffeeb720000 - 0x00007ffeeb745000 	C:\Program Files\Java\jdk-17\bin\java.dll
0x00007ffeb1770000 - 0x00007ffeb1847000 	C:\Program Files\Java\jdk-17\bin\jsvml.dll
0x00007fff1bee0000 - 0x00007fff1c6f6000 	C:\WINDOWS\System32\SHELL32.dll
0x00007fff18370000 - 0x00007fff18c5a000 	C:\WINDOWS\SYSTEM32\windows.storage.dll
0x00007fff18230000 - 0x00007fff1836e000 	C:\WINDOWS\SYSTEM32\wintypes.dll
0x00007fff1c710000 - 0x00007fff1c803000 	C:\WINDOWS\System32\SHCORE.dll
0x00007fff1adf0000 - 0x00007fff1ae4e000 	C:\WINDOWS\System32\shlwapi.dll
0x00007fff1a2c0000 - 0x00007fff1a2e6000 	C:\WINDOWS\SYSTEM32\profapi.dll
0x00007ffedd410000 - 0x00007ffedd428000 	C:\Program Files\Java\jdk-17\bin\zip.dll
0x00007ffee7640000 - 0x00007ffee7659000 	C:\Program Files\Java\jdk-17\bin\net.dll
0x00007fff0f180000 - 0x00007fff0f2b7000 	C:\WINDOWS\SYSTEM32\WINHTTP.dll
0x00007fff19940000 - 0x00007fff199a9000 	C:\WINDOWS\system32\mswsock.dll
0x00007ffedd510000 - 0x00007ffedd526000 	C:\Program Files\Java\jdk-17\bin\nio.dll
0x00007ffef17b0000 - 0x00007ffef17ca000 	C:\Program Files\JetBrains\IntelliJ IDEA Community Edition 2023.1.4\bin\breakgen64.dll
0x00007ffef3190000 - 0x00007ffef31a0000 	C:\Program Files\Java\jdk-17\bin\verify.dll
0x00007ffef2460000 - 0x00007ffef246a000 	C:\Program Files\Java\jdk-17\bin\management.dll
0x00007ffeed990000 - 0x00007ffeed99b000 	C:\Program Files\Java\jdk-17\bin\management_ext.dll
0x00007ffef2eb0000 - 0x00007ffef2ec7000 	C:\WINDOWS\system32\napinsp.dll
0x00007ffef2e90000 - 0x00007ffef2eab000 	C:\WINDOWS\system32\pnrpnsp.dll
0x00007fff18f60000 - 0x00007fff19053000 	C:\WINDOWS\SYSTEM32\DNSAPI.dll
0x00007fff18f30000 - 0x00007fff18f5d000 	C:\WINDOWS\SYSTEM32\IPHLPAPI.DLL
0x00007fff1cb30000 - 0x00007fff1cb39000 	C:\WINDOWS\System32\NSI.dll
0x00007ffeed690000 - 0x00007ffeed6a1000 	C:\WINDOWS\System32\winrnr.dll
0x00007fff10010000 - 0x00007fff10025000 	C:\WINDOWS\system32\wshbth.dll
0x00007ffed55d0000 - 0x00007ffed55f1000 	C:\WINDOWS\system32\nlansp_c.dll
0x00007fff03810000 - 0x00007fff0381a000 	C:\Windows\System32\rasadhlp.dll
0x00007fff0e4d0000 - 0x00007fff0e554000 	C:\WINDOWS\System32\fwpuclnt.dll
0x00007fff19b90000 - 0x00007fff19bab000 	C:\WINDOWS\SYSTEM32\CRYPTSP.dll
0x00007fff19430000 - 0x00007fff19465000 	C:\WINDOWS\system32\rsaenh.dll
0x00007fff19a30000 - 0x00007fff19a5c000 	C:\WINDOWS\SYSTEM32\USERENV.dll
0x00007fff19d50000 - 0x00007fff19d78000 	C:\WINDOWS\SYSTEM32\bcrypt.dll
0x00007fff19bb0000 - 0x00007fff19bbc000 	C:\WINDOWS\SYSTEM32\CRYPTBASE.dll
0x00007fff0f0a0000 - 0x00007fff0f0b9000 	C:\WINDOWS\SYSTEM32\dhcpcsvc6.DLL
0x00007fff0f080000 - 0x00007fff0f09f000 	C:\WINDOWS\SYSTEM32\dhcpcsvc.DLL
0x00007ffed54f0000 - 0x00007ffed54fd000 	C:\Program Files\Java\jdk-17\bin\sunmscapi.dll
0x00007fff1a7e0000 - 0x00007fff1a947000 	C:\WINDOWS\System32\CRYPT32.dll
0x00007fff19d20000 - 0x00007fff19d4e000 	C:\WINDOWS\SYSTEM32\ncrypt.dll
0x00007fff19ce0000 - 0x00007fff19d17000 	C:\WINDOWS\SYSTEM32\NTASN1.dll
0x00007fff130b0000 - 0x00007fff130b8000 	C:\WINDOWS\system32\wshunix.dll
0x00007ffecdd80000 - 0x00007ffecdf11000 	C:\Program Files\Java\jdk-17\bin\awt.dll
0x00007fff14c00000 - 0x00007fff14c97000 	C:\WINDOWS\SYSTEM32\apphelp.dll
0x00007ffef6ba0000 - 0x00007ffef6c3f000 	C:\WINDOWS\SYSTEM32\WINSPOOL.DRV
0x00007ffef0470000 - 0x00007ffef04d5000 	C:\WINDOWS\SYSTEM32\Print.PrintSupport.Source.dll
0x00007fff1a080000 - 0x00007fff1a0ce000 	C:\WINDOWS\SYSTEM32\cfgmgr32.dll
0x00007fff1cd30000 - 0x00007fff1cde0000 	C:\WINDOWS\System32\clbcatq.dll
0x00007ffeead20000 - 0x00007ffeeade9000 	C:\Windows\System32\Windows.Devices.Enumeration.dll
0x00007fff13470000 - 0x00007fff13571000 	C:\Windows\System32\PROPSYS.dll
0x00007ffeeae10000 - 0x00007ffeeaecb000 	C:\WINDOWS\System32\StructuredQuery.dll
0x00007ffee0420000 - 0x00007ffee0549000 	C:\WINDOWS\System32\NaturalLanguage6.dll
0x00007ffedfad0000 - 0x00007ffee0416000 	C:\WINDOWS\System32\NLSData000a.dll
0x00007ffee80b0000 - 0x00007ffee80d1000 	C:\Windows\System32\DevDispItemProvider.dll
0x00007fff02bc0000 - 0x00007fff02bce000 	C:\Windows\System32\DDORes.dll

dbghelp: loaded successfully - version: 4.0.5 - missing functions: none
symbol engine: initialized successfully - sym options: 0x614 - pdb path: .;C:\Program Files\Java\jdk-17\bin;C:\WINDOWS\SYSTEM32;C:\WINDOWS\WinSxS\amd64_microsoft.windows.common-controls_6595b64144ccf1df_6.0.22621.2070_none_2713e6537381f706;C:\Program Files\Java\jdk-17\bin\server;C:\Program Files\JetBrains\IntelliJ IDEA Community Edition 2023.1.4\bin

VM Arguments:
jvm_args: -javaagent:C:\Program Files\JetBrains\IntelliJ IDEA Community Edition 2023.1.4\lib\idea_rt.jar=50820:C:\Program Files\JetBrains\IntelliJ IDEA Community Edition 2023.1.4\bin -Dfile.encoding=UTF-8 
java_command: illarli.middelware.MiddelwareApplication 8085
java_class_path (initial): C:\Users\Usuario\Documents\GitHub\middelware\target\classes;C:\Users\Usuario\.m2\repository\org\springframework\boot\spring-boot-starter-web\2.7.14-SNAPSHOT\spring-boot-starter-web-2.7.14-20230717.182241-31.jar;C:\Users\Usuario\.m2\repository\org\springframework\boot\spring-boot-starter\2.7.14-SNAPSHOT\spring-boot-starter-2.7.14-20230717.182241-31.jar;C:\Users\Usuario\.m2\repository\org\springframework\boot\spring-boot-starter-logging\2.7.14-SNAPSHOT\spring-boot-starter-logging-2.7.14-20230717.182241-31.jar;C:\Users\Usuario\.m2\repository\ch\qos\logback\logback-classic\1.2.12\logback-classic-1.2.12.jar;C:\Users\Usuario\.m2\repository\ch\qos\logback\logback-core\1.2.12\logback-core-1.2.12.jar;C:\Users\Usuario\.m2\repository\org\apache\logging\log4j\log4j-to-slf4j\2.17.2\log4j-to-slf4j-2.17.2.jar;C:\Users\Usuario\.m2\repository\org\apache\logging\log4j\log4j-api\2.17.2\log4j-api-2.17.2.jar;C:\Users\Usuario\.m2\repository\org\slf4j\jul-to-slf4j\1.7.36\jul-to-slf4j-1.7.36.jar;C:\Users\Usuario\.m2\repository\jakarta\annotation\jakarta.annotation-api\1.3.5\jakarta.annotation-api-1.3.5.jar;C:\Users\Usuario\.m2\repository\org\yaml\snakeyaml\1.30\snakeyaml-1.30.jar;C:\Users\Usuario\.m2\repository\org\springframework\boot\spring-boot-starter-json\2.7.14-SNAPSHOT\spring-boot-starter-json-2.7.14-20230717.182241-31.jar;C:\Users\Usuario\.m2\repository\com\fasterxml\jackson\core\jackson-databind\2.13.5\jackson-databind-2.13.5.jar;C:\Users\Usuario\.m2\repository\com\fasterxml\jackson\core\jackson-core\2.13.5\jackson-core-2.13.5.jar;C:\Users\Usuario\.m2\repository\com\fasterxml\jackson\datatype\jackson-datatype-jdk8\2.13.5\jackson-datatype-jdk8-2.13.5.jar;C:\Users\Usuario\.m2\repository\com\fasterxml\jackson\datatype\jackson-datatype-jsr310\2.13.5\jackson-datatype-jsr310-2.13.5.jar;C:\Users\Usuario\.m2\repository\com\fasterxml\jackson\module\jackson-module-parameter-names\2.13.5\jackson-module-parameter-names-2.13.5.jar;C:\Users\Usuario\.m2\repository\or
Launcher Type: SUN_STANDARD

[Global flags]
     intx CICompilerCount                          = 4                                         {product} {ergonomic}
     uint ConcGCThreads                            = 3                                         {product} {ergonomic}
     uint G1ConcRefinementThreads                  = 10                                        {product} {ergonomic}
   size_t G1HeapRegionSize                         = 1048576                                   {product} {ergonomic}
    uintx GCDrainStackTargetSize                   = 64                                        {product} {ergonomic}
   size_t InitialHeapSize                          = 130023424                                 {product} {ergonomic}
   size_t MarkStackSize                            = 4194304                                   {product} {ergonomic}
   size_t MaxHeapSize                              = 2053111808                                {product} {ergonomic}
   size_t MaxNewSize                               = 1231028224                                {product} {ergonomic}
   size_t MinHeapDeltaBytes                        = 1048576                                   {product} {ergonomic}
   size_t MinHeapSize                              = 8388608                                   {product} {ergonomic}
    uintx NonNMethodCodeHeapSize                   = 5839372                                {pd product} {ergonomic}
    uintx NonProfiledCodeHeapSize                  = 122909434                              {pd product} {ergonomic}
    uintx ProfiledCodeHeapSize                     = 122909434                              {pd product} {ergonomic}
    uintx ReservedCodeCacheSize                    = 251658240                              {pd product} {ergonomic}
     bool SegmentedCodeCache                       = true                                      {product} {ergonomic}
   size_t SoftMaxHeapSize                          = 2053111808                             {manageable} {ergonomic}
     bool UseCompressedClassPointers               = true                           {product lp64_product} {ergonomic}
     bool UseCompressedOops                        = true                           {product lp64_product} {ergonomic}
     bool UseG1GC                                  = true                                      {product} {ergonomic}
     bool UseLargePagesIndividualAllocation        = false                                  {pd product} {ergonomic}

Logging:
Log output configuration:
 #0: stdout all=warning uptime,level,tags
 #1: stderr all=off uptime,level,tags

Environment Variables:
PATH=C:\Program Files\Common Files\Oracle\Java\javapath;C:\Program Files (x86)\Common Files\Oracle\Java\javapath;C:\windows\system32;C:\windows;C:\windows\System32\Wbem;C:\windows\System32\WindowsPowerShell\v1.0\;C:\windows\System32\OpenSSH\;C:\Program Files (x86)\NVIDIA Corporation\PhysX\Common;C:\Program Files\NVIDIA Corporation\NVIDIA NvDLISR;C:\Program Files\PuTTY\;C:\Program Files\Git\cmd;C:\WINDOWS\system32;C:\WINDOWS;C:\WINDOWS\System32\Wbem;C:\WINDOWS\System32\WindowsPowerShell\v1.0\;C:\WINDOWS\System32\OpenSSH\;C:\Python27;C:\Program Files\nodejs\;C:\Users\Usuario\.console-ninja\.bin;C:\Users\Usuario\AppData\Local\Microsoft\WindowsApps;C:\Users\Usuario\AppData\Local\GitHubDesktop\bin;C:\Users\Usuario\AppData\Local\Microsoft\WindowsApps;C:\Python27;;C:\Program Files\JetBrains\IntelliJ IDEA Community Edition 2023.1.4\bin;;C:\Users\Usuario\AppData\Roaming\npm;C:\Users\Usuario\AppData\Local\Programs\Microsoft VS Code\bin
USERNAME=Usuario
OS=Windows_NT
PROCESSOR_IDENTIFIER=Intel64 Family 6 Model 141 Stepping 1, GenuineIntel



---------------  S Y S T E M  ---------------

OS:
 Windows 11 , 64 bit Build 22621 (10.0.22621.2070)
OS uptime: 1 days 1:36 hours

CPU: total 12 (initial active 12) (6 cores per cpu, 2 threads per core) family 6 model 141 stepping 1 microcode 0x42, cx8, cmov, fxsr, ht, mmx, 3dnowpref, sse, sse2, sse3, ssse3, sse4.1, sse4.2, popcnt, lzcnt, tsc, tscinvbit, avx, avx2, aes, erms, clmul, bmi1, bmi2, adx, avx512f, avx512dq, avx512cd, avx512bw, avx512vl, sha, fma, vzeroupper, avx512_vpopcntdq, avx512_vpclmulqdq, avx512_vaes, avx512_vnni, clflush, clflushopt, clwb, avx512_vbmi2, avx512_vbmi

Memory: 4k page, system-wide physical 7830M (769M free)
TotalPageFile size 27286M (AvailPageFile size 7545M)
current process WorkingSet (physical memory assigned to process): 261M, peak: 320M
current process commit charge ("private bytes"): 315M, peak: 363M

vm_info: Java HotSpot(TM) 64-Bit Server VM (17.0.7+8-LTS-224) for windows-amd64 JRE (17.0.7+8-LTS-224), built on Feb 28 2023 23:03:02 by "mach5one" with MS VC++ 17.1 (VS2022)

END.
