#
# A fatal error has been detected by the Java Runtime Environment:
#
#  EXCEPTION_ACCESS_VIOLATION (0xc0000005) at pc=0x00007ffef0477820, pid=4436, tid=19904
#
# JRE version: Java(TM) SE Runtime Environment (17.0.7+8) (build 17.0.7+8-LTS-224)
# Java VM: Java HotSpot(TM) 64-Bit Server VM (17.0.7+8-LTS-224, mixed mode, sharing, tiered, compressed oops, compressed class ptrs, g1 gc, windows-amd64)
# Problematic frame:
# C  [Print.PrintSupport.Source.dll+0x7820]
#
# No core dump will be written. Minidumps are not enabled by default on client versions of Windows
#
# If you would like to submit a bug report, please visit:
#   https://bugreport.java.com/bugreport/crash.jsp
# The crash happened outside the Java Virtual Machine in native code.
# See problematic frame for where to report the bug.
#

---------------  S U M M A R Y ------------

Command Line: -javaagent:C:\Program Files\JetBrains\IntelliJ IDEA Community Edition 2023.1.4\lib\idea_rt.jar=50846:C:\Program Files\JetBrains\IntelliJ IDEA Community Edition 2023.1.4\bin -Dfile.encoding=UTF-8 illarli.middelware.MiddelwareApplication 8085

Host: 11th Gen Intel(R) Core(TM) i5-11400H @ 2.70GHz, 12 cores, 7G,  Windows 11 , 64 bit Build 22621 (10.0.22621.2070)
Time: Tue Aug  1 09:26:10 2023 Hora est. Pacífico, Sudamérica elapsed time: 8.154603 seconds (0d 0h 0m 8s)

---------------  T H R E A D  ---------------

Current thread (0x0000024926b18310):  JavaThread "Thread-8" daemon [_thread_in_native, id=19904, stack(0x000000b9f8e00000,0x000000b9f8f00000)]

Stack: [0x000000b9f8e00000,0x000000b9f8f00000],  sp=0x000000b9f8efc388,  free space=1008k
Native frames: (J=compiled Java code, j=interpreted, Vv=VM code, C=native code)
C  [Print.PrintSupport.Source.dll+0x7820]

Java frames: (J=compiled Java code, j=interpreted, Vv=VM code)
j  sun.print.Win32PrintJob.startPrintRawData(Ljava/lang/String;Ljava/lang/String;)Z+0 java.desktop@17.0.7
j  sun.print.Win32PrintJob.print(Ljavax/print/Doc;Ljavax/print/attribute/PrintRequestAttributeSet;)V+849 java.desktop@17.0.7
j  com.github.anastaciocintra.output.PrinterOutputStream.lambda$new$1(Ljavax/print/PrintService;)V+30
j  com.github.anastaciocintra.output.PrinterOutputStream$$Lambda$1657+0x000000080150ec50.run()V+8
j  java.lang.Thread.run()V+11 java.base@17.0.7
v  ~StubRoutines::call_stub

siginfo: EXCEPTION_ACCESS_VIOLATION (0xc0000005), reading address 0x00007ffeead9efb8


Register to memory mapping:

RIP=0x00007ffef0477820 Print.PrintSupport.Source.dll
RAX=0x00007ffeead9efa8 Windows.Devices.Enumeration.dll
RBX=0x000000b9f8efc4b0 is pointing into the stack for thread: 0x0000024926b18310
RCX=0x000000b9f8efead0 is pointing into the stack for thread: 0x0000024926b18310
RDX=0x00000249209cfd20 points into unknown readable memory: 0x00007ffeead9efa8 | a8 ef d9 ea fe 7f 00 00
RSP=0x000000b9f8efc388 is pointing into the stack for thread: 0x0000024926b18310
RBP=0x000000b9f8efcc70 is pointing into the stack for thread: 0x0000024926b18310
RSI=0x000000b9f8efcc78 is pointing into the stack for thread: 0x0000024926b18310
RDI=0x00000000ffffffff is an unallocated location in the heap
R8 =0x0000000000000103 is an unknown value
R9 =0x0000000019930520 is an unknown value
R10=0xb455a71054d0b870 is an unknown value
R11=0x00007fff1a5a0000 ucrtbase.dll
R12=0x000000b9f8efc560 is pointing into the stack for thread: 0x0000024926b18310
R13=0x00000000ffffffff is an unallocated location in the heap
R14=0x000000b9f8efccb8 is pointing into the stack for thread: 0x0000024926b18310
R15=0x00007ffef04c2e4d Print.PrintSupport.Source.dll


Registers:
RAX=0x00007ffeead9efa8, RBX=0x000000b9f8efc4b0, RCX=0x000000b9f8efead0, RDX=0x00000249209cfd20
RSP=0x000000b9f8efc388, RBP=0x000000b9f8efcc70, RSI=0x000000b9f8efcc78, RDI=0x00000000ffffffff
R8 =0x0000000000000103, R9 =0x0000000019930520, R10=0xb455a71054d0b870, R11=0x00007fff1a5a0000
R12=0x000000b9f8efc560, R13=0x00000000ffffffff, R14=0x000000b9f8efccb8, R15=0x00007ffef04c2e4d
RIP=0x00007ffef0477820, EFLAGS=0x0000000000010246

Top of Stack: (sp=0x000000b9f8efc388)
0x000000b9f8efc388:   00007ffef047f98b 000000b90000012a
0x000000b9f8efc398:   00000249234c1df0 000000b9f8efc560
0x000000b9f8efc3a8:   0000000000000000 00007fff1a5a0000
0x000000b9f8efc3b8:   00007fff1a5f250a 00007ffef047f97c
0x000000b9f8efc3c8:   000000b900000103 000000b9f8efea50
0x000000b9f8efc3d8:   00007ffef04c2e4d 0000000000000000
0x000000b9f8efc3e8:   00007fff1a5e7931 00007ffef047f97c
0x000000b9f8efc3f8:   000000b9f8efea50 000000b9f8efead0
0x000000b9f8efc408:   000000b900000103 000000b9f8efc420
0x000000b9f8efc418:   00007fff1d010031 000000b9f8efc4b0
0x000000b9f8efc428:   00007ffef04c2e4d ffffffff0000f97c
0x000000b9f8efc438:   00000000ffffffff 000000b9f8efc4b0
0x000000b9f8efc448:   00007ffef04c2e4d 000000b9f8efc560
0x000000b9f8efc458:   00007ffef0470000 000000b9f8efc560
0x000000b9f8efc468:   000000b9f8efccb8 000000b9f8efcc78
0x000000b9f8efc478:   0000000100000001 000000800000f97c 

Instructions: (pc=0x00007ffef0477820)
0x00007ffef0477720:   48 8b f1 48 8b fa 48 8b 49 10 48 85 c9 74 49 49
0x00007ffef0477730:   83 63 08 00 48 8b 01 49 ba 70 42 d3 12 d4 0e d5
0x00007ffef0477740:   c0 48 8b 00 4d 8d 43 08 48 8d 15 a9 fe 03 00 ff
0x00007ffef0477750:   15 bb e9 03 00 48 8b 5c 24 30 33 c9 48 8b d3 48
0x00007ffef0477760:   89 5c 24 38 e8 84 c3 ff ff 48 85 db 74 0a 48 8d
0x00007ffef0477770:   4c 24 38 e8 94 00 00 00 8b 46 0c 48 8b 5c 24 40
0x00007ffef0477780:   48 8b 74 24 48 89 07 48 8b c7 48 83 c4 20 5f c3
0x00007ffef0477790:   cc cc cc cc cc cc cc cc 48 89 5c 24 08 48 89 6c
0x00007ffef04777a0:   24 10 48 89 74 24 18 57 48 83 ec 20 41 8b d8 48
0x00007ffef04777b0:   8b ea 48 8b f1 48 8d 7a fe 48 8d 3c 5f 45 85 c0
0x00007ffef04777c0:   74 1c 0f b7 0f 48 ff 15 cc e3 03 00 0f 1f 44 00
0x00007ffef04777d0:   00 85 c0 74 09 48 83 ef 02 83 c3 ff 75 e4 44 8b
0x00007ffef04777e0:   c3 48 8b d5 48 8b ce e8 cc cc ff ff 48 8b c6 48
0x00007ffef04777f0:   8b 5c 24 30 48 8b 6c 24 38 48 8b 74 24 40 48 83
0x00007ffef0477800:   c4 20 5f c3 cc cc cc cc cc cc cc cc 48 8b 11 48
0x00007ffef0477810:   83 21 00 48 8b 02 49 ba 70 b8 d0 54 10 a7 55 b4
0x00007ffef0477820:   48 8b 40 10 48 8b ca 48 ff 25 e2 e8 03 00 cc cc
0x00007ffef0477830:   cc cc cc cc cc cc cc cc 71 19 50 56 ab 9f 6d e5
0x00007ffef0477840:   40 53 b8 30 14 00 00 e8 54 78 03 00 48 2b e0 48
0x00007ffef0477850:   8b 05 d2 3e 05 00 48 33 c4 48 89 84 24 20 14 00
0x00007ffef0477860:   00 48 8d 99 c0 00 00 00 48 83 3b 00 75 57 4c 8d
0x00007ffef0477870:   41 18 ba 00 08 00 00 48 8d 8c 24 20 04 00 00 e8
0x00007ffef0477880:   80 d6 ff ff 4c 8d 8c 24 20 04 00 00 ba 00 04 00
0x00007ffef0477890:   00 4c 8d 05 08 fa 03 00 48 8d 4c 24 20 e8 66 f1
0x00007ffef04778a0:   ff ff 48 8d 44 24 20 49 83 c8 ff 49 ff c0 42 80
0x00007ffef04778b0:   3c 00 00 75 f6 49 ff c0 48 8d 54 24 20 48 8b cb
0x00007ffef04778c0:   e8 6f f9 ff ff 48 8b 03 48 8d 48 04 48 f7 d8 48
0x00007ffef04778d0:   1b c0 48 23 c1 48 8b 8c 24 20 14 00 00 48 33 cc
0x00007ffef04778e0:   e8 6b aa ff ff 48 81 c4 30 14 00 00 5b c3 cc cc
0x00007ffef04778f0:   cc cc cc cc cc cc cc cc 71 19 50 56 ab 9f 6d e5
0x00007ffef0477900:   48 83 79 08 00 48 8d 05 bc f7 03 00 48 0f 45 41
0x00007ffef0477910:   08 c3 cc cc cc cc cc cc cc cc cc cc 48 83 ec 28 


Stack slot to memory mapping:
stack at sp + 0 slots: 0x00007ffef047f98b Print.PrintSupport.Source.dll
stack at sp + 1 slots: 0x000000b90000012a is an unknown value
stack at sp + 2 slots: 0x00000249234c1df0 points into unknown readable memory: 0x0000000000000000 | 00 00 00 00 00 00 00 00
stack at sp + 3 slots: 0x000000b9f8efc560 is pointing into the stack for thread: 0x0000024926b18310
stack at sp + 4 slots: 0x0 is NULL
stack at sp + 5 slots: 0x00007fff1a5a0000 ucrtbase.dll
stack at sp + 6 slots: 0x00007fff1a5f250a ucrtbase.dll
stack at sp + 7 slots: 0x00007ffef047f97c Print.PrintSupport.Source.dll


---------------  P R O C E S S  ---------------

Threads class SMR info:
_java_thread_list=0x00000249243c8180, length=41, elements={
0x000002497f03dc80, 0x000002497f03e630, 0x000002497f050040, 0x000002497f0509f0,
0x000002497f0513a0, 0x000002497f051d50, 0x000002497f052ae0, 0x000002497f0548b0,
0x000002497f0575d0, 0x000002497fcaf250, 0x000002491c501620, 0x000002497fe7c740,
0x000002491d4d7f90, 0x000002491d4d4aa0, 0x000002491d4d62b0, 0x000002491d4d5440,
0x000002491d4d5de0, 0x000002491d4d75f0, 0x000002491d4d7ac0, 0x000002491d4d6c50,
0x000002491d4d7120, 0x0000024926b1c670, 0x0000024926b1d010, 0x0000024926b1b330,
0x0000024926b1a990, 0x0000024926b18cb0, 0x0000024926b1e350, 0x0000024926b19b20,
0x0000024926b1b800, 0x0000024926b17970, 0x0000024926b1f1c0, 0x0000024926b1bcd0,
0x0000024926b1cb40, 0x0000024926b1e820, 0x000002497fe05780, 0x0000024926b17e40,
0x0000024926b1ae60, 0x0000024926b18310, 0x0000024926b1de80, 0x0000024926b19ff0,
0x0000024926b1ecf0
}

Java Threads: ( => current thread )
  0x000002497f03dc80 JavaThread "Reference Handler" daemon [_thread_blocked, id=19084, stack(0x000000b9f7e00000,0x000000b9f7f00000)]
  0x000002497f03e630 JavaThread "Finalizer" daemon [_thread_blocked, id=19204, stack(0x000000b9f7f00000,0x000000b9f8000000)]
  0x000002497f050040 JavaThread "Signal Dispatcher" daemon [_thread_blocked, id=9928, stack(0x000000b9f8000000,0x000000b9f8100000)]
  0x000002497f0509f0 JavaThread "Attach Listener" daemon [_thread_blocked, id=9552, stack(0x000000b9f8100000,0x000000b9f8200000)]
  0x000002497f0513a0 JavaThread "Service Thread" daemon [_thread_blocked, id=18784, stack(0x000000b9f8200000,0x000000b9f8300000)]
  0x000002497f051d50 JavaThread "Monitor Deflation Thread" daemon [_thread_blocked, id=17756, stack(0x000000b9f8300000,0x000000b9f8400000)]
  0x000002497f052ae0 JavaThread "C2 CompilerThread0" daemon [_thread_blocked, id=8288, stack(0x000000b9f8400000,0x000000b9f8500000)]
  0x000002497f0548b0 JavaThread "C1 CompilerThread0" daemon [_thread_blocked, id=15124, stack(0x000000b9f8500000,0x000000b9f8600000)]
  0x000002497f0575d0 JavaThread "Sweeper thread" daemon [_thread_blocked, id=12680, stack(0x000000b9f8600000,0x000000b9f8700000)]
  0x000002497fcaf250 JavaThread "Common-Cleaner" daemon [_thread_blocked, id=19588, stack(0x000000b9f8700000,0x000000b9f8800000)]
  0x000002491c501620 JavaThread "Monitor Ctrl-Break" daemon [_thread_in_native, id=2980, stack(0x000000b9f8900000,0x000000b9f8a00000)]
  0x000002497fe7c740 JavaThread "Notification Thread" daemon [_thread_blocked, id=13628, stack(0x000000b9f8a00000,0x000000b9f8b00000)]
  0x000002491d4d7f90 JavaThread "MVStore background writer C:/illarli/data.mv.db" daemon [_thread_blocked, id=7404, stack(0x000000b9f9a00000,0x000000b9f9b00000)]
  0x000002491d4d4aa0 JavaThread "HikariPool-1 housekeeper" daemon [_thread_blocked, id=19740, stack(0x000000b9f9b00000,0x000000b9f9c00000)]
  0x000002491d4d62b0 JavaThread "Catalina-utility-1" [_thread_blocked, id=2248, stack(0x000000b9f9c00000,0x000000b9f9d00000)]
  0x000002491d4d5440 JavaThread "Catalina-utility-2" [_thread_blocked, id=18448, stack(0x000000b9f9d00000,0x000000b9f9e00000)]
  0x000002491d4d5de0 JavaThread "container-0" [_thread_blocked, id=19944, stack(0x000000b9f9e00000,0x000000b9f9f00000)]
  0x000002491d4d75f0 JavaThread "H2-serialization" daemon [_thread_blocked, id=17548, stack(0x000000b9fa000000,0x000000b9fa100000)]
  0x000002491d4d7ac0 JavaThread "H2-save" daemon [_thread_blocked, id=17836, stack(0x000000b9fa100000,0x000000b9fa200000)]
  0x000002491d4d6c50 JavaThread "Live Reload Server" daemon [_thread_in_native, id=19264, stack(0x000000b9fa300000,0x000000b9fa400000)]
  0x000002491d4d7120 JavaThread "File Watcher" daemon [_thread_blocked, id=18728, stack(0x000000b9fa200000,0x000000b9fa300000)]
  0x0000024926b1c670 JavaThread "http-nio-8081-exec-1" daemon [_thread_blocked, id=13148, stack(0x000000b9fa400000,0x000000b9fa500000)]
  0x0000024926b1d010 JavaThread "http-nio-8081-exec-2" daemon [_thread_blocked, id=17148, stack(0x000000b9fa500000,0x000000b9fa600000)]
  0x0000024926b1b330 JavaThread "http-nio-8081-exec-3" daemon [_thread_blocked, id=1484, stack(0x000000b9fa600000,0x000000b9fa700000)]
  0x0000024926b1a990 JavaThread "http-nio-8081-exec-4" daemon [_thread_blocked, id=18380, stack(0x000000b9fa700000,0x000000b9fa800000)]
  0x0000024926b18cb0 JavaThread "http-nio-8081-exec-5" daemon [_thread_blocked, id=11244, stack(0x000000b9fa800000,0x000000b9fa900000)]
  0x0000024926b1e350 JavaThread "http-nio-8081-exec-6" daemon [_thread_blocked, id=17552, stack(0x000000b9fa900000,0x000000b9faa00000)]
  0x0000024926b19b20 JavaThread "http-nio-8081-exec-7" daemon [_thread_blocked, id=15156, stack(0x000000b9faa00000,0x000000b9fab00000)]
  0x0000024926b1b800 JavaThread "http-nio-8081-exec-8" daemon [_thread_blocked, id=17556, stack(0x000000b9fab00000,0x000000b9fac00000)]
  0x0000024926b17970 JavaThread "http-nio-8081-exec-9" daemon [_thread_blocked, id=1456, stack(0x000000b9fac00000,0x000000b9fad00000)]
  0x0000024926b1f1c0 JavaThread "http-nio-8081-exec-10" daemon [_thread_blocked, id=12536, stack(0x000000b9fad00000,0x000000b9fae00000)]
  0x0000024926b1bcd0 JavaThread "http-nio-8081-Poller" daemon [_thread_in_native, id=16064, stack(0x000000b9fae00000,0x000000b9faf00000)]
  0x0000024926b1cb40 JavaThread "http-nio-8081-Acceptor" daemon [_thread_in_native, id=20460, stack(0x000000b9faf00000,0x000000b9fb000000)]
  0x0000024926b1e820 JavaThread "DestroyJavaVM" [_thread_blocked, id=16468, stack(0x000000b9f7700000,0x000000b9f7800000)]
  0x000002497fe05780 JavaThread "C2 CompilerThread1" daemon [_thread_blocked, id=4356, stack(0x000000b9f8800000,0x000000b9f8900000)]
  0x0000024926b17e40 JavaThread "PrinterListener" daemon [_thread_in_native, id=2464, stack(0x000000b9f8c00000,0x000000b9f8d00000)]
  0x0000024926b1ae60 JavaThread "RemotePrinterListener" daemon [_thread_in_native, id=8972, stack(0x000000b9f8d00000,0x000000b9f8e00000)]
=>0x0000024926b18310 JavaThread "Thread-8" daemon [_thread_in_native, id=19904, stack(0x000000b9f8e00000,0x000000b9f8f00000)]
  0x0000024926b1de80 JavaThread "Thread-9" daemon [_thread_in_native, id=5996, stack(0x000000b9f9f00000,0x000000b9fa000000)]
  0x0000024926b19ff0 JavaThread "Thread-10" daemon [_thread_in_native, id=18168, stack(0x000000b9fb000000,0x000000b9fb100000)]
  0x0000024926b1ecf0 JavaThread "Thread-11" daemon [_thread_in_native, id=18312, stack(0x000000b9fb200000,0x000000b9fb300000)]

Other Threads:
  0x000002497f037c90 VMThread "VM Thread" [stack: 0x000000b9f7d00000,0x000000b9f7e00000] [id=10064]
  0x000002497b313a10 WatcherThread [stack: 0x000000b9f8b00000,0x000000b9f8c00000] [id=19812]
  0x000002497b2f4b50 GCTaskThread "GC Thread#0" [stack: 0x000000b9f7800000,0x000000b9f7900000] [id=8516]
  0x000002491d88c900 GCTaskThread "GC Thread#1" [stack: 0x000000b9f8f00000,0x000000b9f9000000] [id=18672]
  0x000002491d314b40 GCTaskThread "GC Thread#2" [stack: 0x000000b9f9000000,0x000000b9f9100000] [id=19984]
  0x000002491cb80050 GCTaskThread "GC Thread#3" [stack: 0x000000b9f9100000,0x000000b9f9200000] [id=15476]
  0x000002491d357ce0 GCTaskThread "GC Thread#4" [stack: 0x000000b9f9200000,0x000000b9f9300000] [id=18188]
  0x000002491d3faa80 GCTaskThread "GC Thread#5" [stack: 0x000000b9f9300000,0x000000b9f9400000] [id=19104]
  0x000002491cd26690 GCTaskThread "GC Thread#6" [stack: 0x000000b9f9400000,0x000000b9f9500000] [id=18016]
  0x000002491cd263e0 GCTaskThread "GC Thread#7" [stack: 0x000000b9f9600000,0x000000b9f9700000] [id=20180]
  0x000002491cd26bf0 GCTaskThread "GC Thread#8" [stack: 0x000000b9f9700000,0x000000b9f9800000] [id=16216]
  0x000002491cd26ea0 GCTaskThread "GC Thread#9" [stack: 0x000000b9f9800000,0x000000b9f9900000] [id=5660]
  0x000002497b3050b0 ConcurrentGCThread "G1 Main Marker" [stack: 0x000000b9f7900000,0x000000b9f7a00000] [id=18892]
  0x000002497b305ac0 ConcurrentGCThread "G1 Conc#0" [stack: 0x000000b9f7a00000,0x000000b9f7b00000] [id=19520]
  0x000002491cd27960 ConcurrentGCThread "G1 Conc#1" [stack: 0x000000b9f9500000,0x000000b9f9600000] [id=19876]
  0x000002491cd25e80 ConcurrentGCThread "G1 Conc#2" [stack: 0x000000b9f9900000,0x000000b9f9a00000] [id=18576]
  0x000002497eee34d0 ConcurrentGCThread "G1 Refine#0" [stack: 0x000000b9f7b00000,0x000000b9f7c00000] [id=1540]
  0x000002497b358890 ConcurrentGCThread "G1 Service" [stack: 0x000000b9f7c00000,0x000000b9f7d00000] [id=2388]

Threads with active compile tasks:

VM state: not at safepoint (normal execution)

VM Mutex/Monitor currently owned by a thread: None

Heap address: 0x0000000085a00000, size: 1958 MB, Compressed Oops mode: 32-bit

CDS archive(s) mapped at: [0x0000000800000000-0x0000000800bd0000-0x0000000800bd0000), size 12386304, SharedBaseAddress: 0x0000000800000000, ArchiveRelocationMode: 0.
Compressed class space mapped at: 0x0000000800c00000-0x0000000840c00000, reserved size: 1073741824
Narrow klass base: 0x0000000800000000, Narrow klass shift: 0, Narrow klass range: 0x100000000

GC Precious Log:
 CPUs: 12 total, 12 available
 Memory: 7830M
 Large Page Support: Disabled
 NUMA Support: Disabled
 Compressed Oops: Enabled (32-bit)
 Heap Region Size: 1M
 Heap Min Capacity: 8M
 Heap Initial Capacity: 124M
 Heap Max Capacity: 1958M
 Pre-touch: Disabled
 Parallel Workers: 10
 Concurrent Workers: 3
 Concurrent Refinement Workers: 10
 Periodic GC: Disabled

Heap:
 garbage-first heap   total 70656K, used 37142K [0x0000000085a00000, 0x0000000100000000)
  region size 1024K, 6 young (6144K), 3 survivors (3072K)
 Metaspace       used 67530K, committed 67968K, reserved 1114112K
  class space    used 9111K, committed 9344K, reserved 1048576K

Heap Regions: E=young(eden), S=young(survivor), O=old, HS=humongous(starts), HC=humongous(continues), CS=collection set, F=free, OA=open archive, CA=closed archive, TAMS=top-at-mark-start (previous, next)
|   0|0x0000000085a00000, 0x0000000085b00000, 0x0000000085b00000|100%|HS|  |TAMS 0x0000000085b00000, 0x0000000085a00000| Complete 
|   1|0x0000000085b00000, 0x0000000085c00000, 0x0000000085c00000|100%| O|  |TAMS 0x0000000085c00000, 0x0000000085b00000| Untracked 
|   2|0x0000000085c00000, 0x0000000085d00000, 0x0000000085d00000|100%| O|  |TAMS 0x0000000085d00000, 0x0000000085c00000| Untracked 
|   3|0x0000000085d00000, 0x0000000085e00000, 0x0000000085e00000|100%| O|  |TAMS 0x0000000085e00000, 0x0000000085d00000| Untracked 
|   4|0x0000000085e00000, 0x0000000085f00000, 0x0000000085f00000|100%| O|  |TAMS 0x0000000085f00000, 0x0000000085e00000| Untracked 
|   5|0x0000000085f00000, 0x0000000086000000, 0x0000000086000000|100%| O|  |TAMS 0x0000000086000000, 0x0000000085f00000| Untracked 
|   6|0x0000000086000000, 0x0000000086100000, 0x0000000086100000|100%| O|  |TAMS 0x0000000086100000, 0x0000000086000000| Untracked 
|   7|0x0000000086100000, 0x0000000086200000, 0x0000000086200000|100%| O|  |TAMS 0x0000000086200000, 0x0000000086100000| Untracked 
|   8|0x0000000086200000, 0x00000000862cec00, 0x0000000086300000| 80%| O|  |TAMS 0x00000000862cec00, 0x0000000086200000| Complete 
|   9|0x0000000086300000, 0x0000000086400000, 0x0000000086400000|100%| O|  |TAMS 0x0000000086400000, 0x0000000086300000| Untracked 
|  10|0x0000000086400000, 0x0000000086500000, 0x0000000086500000|100%| O|  |TAMS 0x0000000086500000, 0x0000000086400000| Untracked 
|  11|0x0000000086500000, 0x0000000086600000, 0x0000000086600000|100%| O|  |TAMS 0x0000000086600000, 0x0000000086500000| Untracked 
|  12|0x0000000086600000, 0x0000000086700000, 0x0000000086700000|100%| O|  |TAMS 0x0000000086700000, 0x0000000086600000| Untracked 
|  13|0x0000000086700000, 0x0000000086800000, 0x0000000086800000|100%| O|  |TAMS 0x0000000086800000, 0x0000000086700000| Untracked 
|  14|0x0000000086800000, 0x0000000086900000, 0x0000000086900000|100%| O|  |TAMS 0x0000000086900000, 0x0000000086800000| Untracked 
|  15|0x0000000086900000, 0x0000000086a00000, 0x0000000086a00000|100%| O|  |TAMS 0x0000000086a00000, 0x0000000086900000| Untracked 
|  16|0x0000000086a00000, 0x0000000086b00000, 0x0000000086b00000|100%| O|  |TAMS 0x0000000086b00000, 0x0000000086a00000| Untracked 
|  17|0x0000000086b00000, 0x0000000086c00000, 0x0000000086c00000|100%| O|  |TAMS 0x0000000086c00000, 0x0000000086b00000| Untracked 
|  18|0x0000000086c00000, 0x0000000086d00000, 0x0000000086d00000|100%| O|  |TAMS 0x0000000086d00000, 0x0000000086c00000| Untracked 
|  19|0x0000000086d00000, 0x0000000086e00000, 0x0000000086e00000|100%|HS|  |TAMS 0x0000000086e00000, 0x0000000086d00000| Complete 
|  20|0x0000000086e00000, 0x0000000086f00000, 0x0000000086f00000|100%|HC|  |TAMS 0x0000000086f00000, 0x0000000086e00000| Complete 
|  21|0x0000000086f00000, 0x0000000087000000, 0x0000000087000000|100%| O|  |TAMS 0x0000000087000000, 0x0000000086f00000| Untracked 
|  22|0x0000000087000000, 0x0000000087100000, 0x0000000087100000|100%| O|  |TAMS 0x0000000087100000, 0x0000000087000000| Untracked 
|  23|0x0000000087100000, 0x0000000087200000, 0x0000000087200000|100%| O|  |TAMS 0x0000000087200000, 0x0000000087100000| Untracked 
|  24|0x0000000087200000, 0x0000000087300000, 0x0000000087300000|100%| O|  |TAMS 0x0000000087300000, 0x0000000087200000| Untracked 
|  25|0x0000000087300000, 0x0000000087400000, 0x0000000087400000|100%| O|  |TAMS 0x0000000087400000, 0x0000000087300000| Untracked 
|  26|0x0000000087400000, 0x0000000087500000, 0x0000000087500000|100%| O|  |TAMS 0x0000000087500000, 0x0000000087400000| Untracked 
|  27|0x0000000087500000, 0x0000000087600000, 0x0000000087600000|100%| O|  |TAMS 0x0000000087600000, 0x0000000087500000| Untracked 
|  28|0x0000000087600000, 0x0000000087700000, 0x0000000087700000|100%| O|  |TAMS 0x0000000087700000, 0x0000000087600000| Untracked 
|  29|0x0000000087700000, 0x0000000087800000, 0x0000000087800000|100%| O|  |TAMS 0x0000000087800000, 0x0000000087700000| Untracked 
|  30|0x0000000087800000, 0x0000000087900000, 0x0000000087900000|100%| O|  |TAMS 0x0000000087900000, 0x0000000087800000| Untracked 
|  31|0x0000000087900000, 0x00000000879e5a00, 0x0000000087a00000| 89%| O|  |TAMS 0x00000000879e5a00, 0x0000000087900000| Untracked 
|  32|0x0000000087a00000, 0x0000000087a00000, 0x0000000087b00000|  0%| F|  |TAMS 0x0000000087a00000, 0x0000000087a00000| Untracked 
|  33|0x0000000087b00000, 0x0000000087b00000, 0x0000000087c00000|  0%| F|  |TAMS 0x0000000087b00000, 0x0000000087b00000| Untracked 
|  34|0x0000000087c00000, 0x0000000087c00000, 0x0000000087d00000|  0%| F|  |TAMS 0x0000000087c00000, 0x0000000087c00000| Untracked 
|  35|0x0000000087d00000, 0x0000000087d00000, 0x0000000087e00000|  0%| F|  |TAMS 0x0000000087d00000, 0x0000000087d00000| Untracked 
|  36|0x0000000087e00000, 0x0000000087e00000, 0x0000000087f00000|  0%| F|  |TAMS 0x0000000087e00000, 0x0000000087e00000| Untracked 
|  37|0x0000000087f00000, 0x0000000087f00000, 0x0000000088000000|  0%| F|  |TAMS 0x0000000087f00000, 0x0000000087f00000| Untracked 
|  38|0x0000000088000000, 0x0000000088000000, 0x0000000088100000|  0%| F|  |TAMS 0x0000000088000000, 0x0000000088000000| Untracked 
|  39|0x0000000088100000, 0x0000000088100000, 0x0000000088200000|  0%| F|  |TAMS 0x0000000088100000, 0x0000000088100000| Untracked 
|  40|0x0000000088200000, 0x0000000088200000, 0x0000000088300000|  0%| F|  |TAMS 0x0000000088200000, 0x0000000088200000| Untracked 
|  41|0x0000000088300000, 0x0000000088391320, 0x0000000088400000| 56%| S|CS|TAMS 0x0000000088300000, 0x0000000088300000| Complete 
|  42|0x0000000088400000, 0x0000000088500000, 0x0000000088500000|100%| S|CS|TAMS 0x0000000088400000, 0x0000000088400000| Complete 
|  43|0x0000000088500000, 0x0000000088500000, 0x0000000088600000|  0%| F|  |TAMS 0x0000000088500000, 0x0000000088500000| Untracked 
|  44|0x0000000088600000, 0x0000000088600000, 0x0000000088700000|  0%| F|  |TAMS 0x0000000088600000, 0x0000000088600000| Untracked 
|  45|0x0000000088700000, 0x0000000088800000, 0x0000000088800000|100%| S|CS|TAMS 0x0000000088700000, 0x0000000088700000| Complete 
|  46|0x0000000088800000, 0x0000000088800000, 0x0000000088900000|  0%| F|  |TAMS 0x0000000088800000, 0x0000000088800000| Untracked 
|  47|0x0000000088900000, 0x0000000088900000, 0x0000000088a00000|  0%| F|  |TAMS 0x0000000088900000, 0x0000000088900000| Untracked 
|  48|0x0000000088a00000, 0x0000000088a00000, 0x0000000088b00000|  0%| F|  |TAMS 0x0000000088a00000, 0x0000000088a00000| Untracked 
|  49|0x0000000088b00000, 0x0000000088b00000, 0x0000000088c00000|  0%| F|  |TAMS 0x0000000088b00000, 0x0000000088b00000| Untracked 
|  50|0x0000000088c00000, 0x0000000088c00000, 0x0000000088d00000|  0%| F|  |TAMS 0x0000000088c00000, 0x0000000088c00000| Untracked 
|  51|0x0000000088d00000, 0x0000000088d00000, 0x0000000088e00000|  0%| F|  |TAMS 0x0000000088d00000, 0x0000000088d00000| Untracked 
|  52|0x0000000088e00000, 0x0000000088e00000, 0x0000000088f00000|  0%| F|  |TAMS 0x0000000088e00000, 0x0000000088e00000| Untracked 
|  53|0x0000000088f00000, 0x0000000088f00000, 0x0000000089000000|  0%| F|  |TAMS 0x0000000088f00000, 0x0000000088f00000| Untracked 
|  54|0x0000000089000000, 0x0000000089000000, 0x0000000089100000|  0%| F|  |TAMS 0x0000000089000000, 0x0000000089000000| Untracked 
|  55|0x0000000089100000, 0x0000000089100000, 0x0000000089200000|  0%| F|  |TAMS 0x0000000089100000, 0x0000000089100000| Untracked 
|  56|0x0000000089200000, 0x0000000089200000, 0x0000000089300000|  0%| F|  |TAMS 0x0000000089200000, 0x0000000089200000| Untracked 
|  57|0x0000000089300000, 0x0000000089300000, 0x0000000089400000|  0%| F|  |TAMS 0x0000000089300000, 0x0000000089300000| Untracked 
|  58|0x0000000089400000, 0x0000000089400000, 0x0000000089500000|  0%| F|  |TAMS 0x0000000089400000, 0x0000000089400000| Untracked 
|  59|0x0000000089500000, 0x0000000089500000, 0x0000000089600000|  0%| F|  |TAMS 0x0000000089500000, 0x0000000089500000| Untracked 
|  60|0x0000000089600000, 0x0000000089600000, 0x0000000089700000|  0%| F|  |TAMS 0x0000000089600000, 0x0000000089600000| Untracked 
|  61|0x0000000089700000, 0x0000000089700000, 0x0000000089800000|  0%| F|  |TAMS 0x0000000089700000, 0x0000000089700000| Untracked 
|  62|0x0000000089800000, 0x0000000089800000, 0x0000000089900000|  0%| F|  |TAMS 0x0000000089800000, 0x0000000089800000| Untracked 
|  63|0x0000000089900000, 0x0000000089900000, 0x0000000089a00000|  0%| F|  |TAMS 0x0000000089900000, 0x0000000089900000| Untracked 
| 113|0x000000008cb00000, 0x000000008cb00000, 0x000000008cc00000|  0%| F|  |TAMS 0x000000008cb00000, 0x000000008cb00000| Untracked 
| 114|0x000000008cc00000, 0x000000008cc00000, 0x000000008cd00000|  0%| F|  |TAMS 0x000000008cc00000, 0x000000008cc00000| Untracked 
| 115|0x000000008cd00000, 0x000000008cd7ead8, 0x000000008ce00000| 49%| E|  |TAMS 0x000000008cd00000, 0x000000008cd00000| Complete 
| 116|0x000000008ce00000, 0x000000008cf00000, 0x000000008cf00000|100%| E|CS|TAMS 0x000000008ce00000, 0x000000008ce00000| Complete 
| 123|0x000000008d500000, 0x000000008d600000, 0x000000008d600000|100%| E|CS|TAMS 0x000000008d500000, 0x000000008d500000| Complete 

Card table byte_map: [0x000002497dbd0000,0x000002497dfb0000] _byte_map_base: 0x000002497d7a3000

Marking Bits (Prev, Next): (CMBitMap*) 0x000002497b2f5160, (CMBitMap*) 0x000002497b2f51a0
 Prev Bits: [0x00000249167b0000, 0x0000024918648000)
 Next Bits: [0x0000024918650000, 0x000002491a4e8000)

Polling page: 0x000002497b360000

Metaspace:

Usage:
  Non-class:     57.05 MB used.
      Class:      8.90 MB used.
       Both:     65.95 MB used.

Virtual space:
  Non-class space:       64.00 MB reserved,      57.25 MB ( 89%) committed,  8 nodes.
      Class space:        1.00 GB reserved,       9.12 MB ( <1%) committed,  1 nodes.
             Both:        1.06 GB reserved,      66.38 MB (  6%) committed. 

Chunk freelists:
   Non-Class:  1.89 MB
       Class:  2.87 MB
        Both:  4.76 MB

MaxMetaspaceSize: unlimited
CompressedClassSpaceSize: 1.00 GB
Initial GC threshold: 21.00 MB
Current GC threshold: 109.19 MB
CDS: on
MetaspaceReclaimPolicy: balanced
 - commit_granule_bytes: 65536.
 - commit_granule_words: 8192.
 - virtual_space_node_default_size: 1048576.
 - enlarge_chunks_in_place: 1.
 - new_chunks_are_fully_committed: 0.
 - uncommit_free_chunks: 1.
 - use_allocation_guard: 0.
 - handle_deallocations: 1.


Internal statistics:

num_allocs_failed_limit: 6.
num_arena_births: 452.
num_arena_deaths: 0.
num_vsnodes_births: 9.
num_vsnodes_deaths: 0.
num_space_committed: 1062.
num_space_uncommitted: 0.
num_chunks_returned_to_freelist: 6.
num_chunks_taken_from_freelist: 2912.
num_chunk_merges: 6.
num_chunk_splits: 2135.
num_chunks_enlarged: 1745.
num_purges: 0.
num_inconsistent_stats: 0.

CodeHeap 'non-profiled nmethods': size=120000Kb used=4401Kb max_used=4401Kb free=115599Kb
 bounds [0x000002490f280000, 0x000002490f6d0000, 0x00000249167b0000]
CodeHeap 'profiled nmethods': size=120000Kb used=12160Kb max_used=12160Kb free=107839Kb
 bounds [0x00000249077b0000, 0x00000249083a0000, 0x000002490ece0000]
CodeHeap 'non-nmethods': size=5760Kb used=1356Kb max_used=1418Kb free=4403Kb
 bounds [0x000002490ece0000, 0x000002490ef50000, 0x000002490f280000]
 total_blobs=7012 nmethods=6333 adapters=591
 compilation: enabled
              stopped_count=0, restarted_count=0
 full_count=0

Compilation events (20 events):
Event: 8.140 Thread 0x000002497f0548b0 nmethod 6975 0x0000024908370910 code [0x0000024908370d40, 0x0000024908373438]
Event: 8.140 Thread 0x000002497f0548b0 6976  s    3       java.util.Vector::add (25 bytes)
Event: 8.140 Thread 0x000002497f0548b0 nmethod 6976 0x0000024908373d90 code [0x0000024908373f60, 0x0000024908374448]
Event: 8.141 Thread 0x000002497f0548b0 6977       3       java.lang.invoke.BoundMethodHandle::editor (8 bytes)
Event: 8.141 Thread 0x000002497f052ae0 nmethod 6963 0x000002490f6ba590 code [0x000002490f6ba720, 0x000002490f6ba8e8]
Event: 8.141 Thread 0x000002497f052ae0 6974       4       java.lang.Character::isWhitespace (5 bytes)
Event: 8.141 Thread 0x000002497f0548b0 nmethod 6977 0x0000024908374610 code [0x00000249083747e0, 0x0000024908374b68]
Event: 8.141 Thread 0x000002497f052ae0 nmethod 6974 0x000002490f6baa10 code [0x000002490f6baba0, 0x000002490f6bac98]
Event: 8.143 Thread 0x000002497f0548b0 6978       3       javax.print.DocFlavor::getStringValue (29 bytes)
Event: 8.145 Thread 0x000002497f0548b0 nmethod 6978 0x0000024908374d10 code [0x0000024908375160, 0x00000249083783b8]
Event: 8.145 Thread 0x000002497f0548b0 6980  s    3       java.io.ByteArrayOutputStream::write (32 bytes)
Event: 8.145 Thread 0x000002497f0548b0 nmethod 6980 0x0000024908378f10 code [0x00000249083790c0, 0x0000024908379308]
Event: 8.145 Thread 0x000002497f0548b0 6981       3       sun.nio.cs.SingleByte$Encoder::encode (32 bytes)
Event: 8.145 Thread 0x000002497f0548b0 nmethod 6981 0x0000024908379410 code [0x00000249083795c0, 0x0000024908379798]
Event: 8.145 Thread 0x000002497f0548b0 6979       3       sun.nio.cs.UTF_8::updatePositions (23 bytes)
Event: 8.145 Thread 0x000002497f0548b0 nmethod 6979 0x0000024908379910 code [0x0000024908379ae0, 0x0000024908379f18]
Event: 8.145 Thread 0x000002497f0548b0 6982       3       javax.print.DocFlavor::equals (34 bytes)
Event: 8.147 Thread 0x000002497f0548b0 nmethod 6982 0x000002490837a090 code [0x000002490837a720, 0x000002490837e718]
Event: 8.147 Thread 0x000002497f0548b0 6983       3       java.lang.StringBuilder::append (8 bytes)
Event: 8.147 Thread 0x000002497f0548b0 nmethod 6983 0x000002490837fb10 code [0x000002490837fca0, 0x000002490837fde8]

GC Heap History (20 events):
Event: 2.455 GC heap before
{Heap before GC invocations=8 (full 0):
 garbage-first heap   total 48128K, used 34963K [0x0000000085a00000, 0x0000000100000000)
  region size 1024K, 19 young (19456K), 2 survivors (2048K)
 Metaspace       used 35646K, committed 35968K, reserved 1081344K
  class space    used 4490K, committed 4672K, reserved 1048576K
}
Event: 2.458 GC heap after
{Heap after GC invocations=9 (full 0):
 garbage-first heap   total 58368K, used 20346K [0x0000000085a00000, 0x0000000100000000)
  region size 1024K, 2 young (2048K), 2 survivors (2048K)
 Metaspace       used 35646K, committed 35968K, reserved 1081344K
  class space    used 4490K, committed 4672K, reserved 1048576K
}
Event: 2.854 GC heap before
{Heap before GC invocations=10 (full 0):
 garbage-first heap   total 58368K, used 42874K [0x0000000085a00000, 0x0000000100000000)
  region size 1024K, 24 young (24576K), 2 survivors (2048K)
 Metaspace       used 40717K, committed 41024K, reserved 1089536K
  class space    used 5293K, committed 5440K, reserved 1048576K
}
Event: 2.856 GC heap after
{Heap after GC invocations=11 (full 0):
 garbage-first heap   total 58368K, used 21594K [0x0000000085a00000, 0x0000000100000000)
  region size 1024K, 3 young (3072K), 3 survivors (3072K)
 Metaspace       used 40717K, committed 41024K, reserved 1089536K
  class space    used 5293K, committed 5440K, reserved 1048576K
}
Event: 3.111 GC heap before
{Heap before GC invocations=11 (full 0):
 garbage-first heap   total 58368K, used 46170K [0x0000000085a00000, 0x0000000100000000)
  region size 1024K, 25 young (25600K), 3 survivors (3072K)
 Metaspace       used 46518K, committed 46848K, reserved 1089536K
  class space    used 6169K, committed 6336K, reserved 1048576K
}
Event: 3.114 GC heap after
{Heap after GC invocations=12 (full 0):
 garbage-first heap   total 58368K, used 24876K [0x0000000085a00000, 0x0000000100000000)
  region size 1024K, 3 young (3072K), 3 survivors (3072K)
 Metaspace       used 46518K, committed 46848K, reserved 1089536K
  class space    used 6169K, committed 6336K, reserved 1048576K
}
Event: 3.384 GC heap before
{Heap before GC invocations=12 (full 0):
 garbage-first heap   total 58368K, used 45356K [0x0000000085a00000, 0x0000000100000000)
  region size 1024K, 23 young (23552K), 3 survivors (3072K)
 Metaspace       used 51438K, committed 51776K, reserved 1097728K
  class space    used 6952K, committed 7104K, reserved 1048576K
}
Event: 3.386 GC heap after
{Heap after GC invocations=13 (full 0):
 garbage-first heap   total 58368K, used 25807K [0x0000000085a00000, 0x0000000100000000)
  region size 1024K, 3 young (3072K), 3 survivors (3072K)
 Metaspace       used 51438K, committed 51776K, reserved 1097728K
  class space    used 6952K, committed 7104K, reserved 1048576K
}
Event: 3.625 GC heap before
{Heap before GC invocations=13 (full 0):
 garbage-first heap   total 58368K, used 45263K [0x0000000085a00000, 0x0000000100000000)
  region size 1024K, 22 young (22528K), 3 survivors (3072K)
 Metaspace       used 54072K, committed 54464K, reserved 1097728K
  class space    used 7305K, committed 7488K, reserved 1048576K
}
Event: 3.628 GC heap after
{Heap after GC invocations=14 (full 0):
 garbage-first heap   total 58368K, used 27227K [0x0000000085a00000, 0x0000000100000000)
  region size 1024K, 3 young (3072K), 3 survivors (3072K)
 Metaspace       used 54072K, committed 54464K, reserved 1097728K
  class space    used 7305K, committed 7488K, reserved 1048576K
}
Event: 3.741 GC heap before
{Heap before GC invocations=14 (full 0):
 garbage-first heap   total 58368K, used 45659K [0x0000000085a00000, 0x0000000100000000)
  region size 1024K, 21 young (21504K), 3 survivors (3072K)
 Metaspace       used 55203K, committed 55616K, reserved 1097728K
  class space    used 7453K, committed 7680K, reserved 1048576K
}
Event: 3.743 GC heap after
{Heap after GC invocations=15 (full 0):
 garbage-first heap   total 58368K, used 28087K [0x0000000085a00000, 0x0000000100000000)
  region size 1024K, 3 young (3072K), 3 survivors (3072K)
 Metaspace       used 55203K, committed 55616K, reserved 1097728K
  class space    used 7453K, committed 7680K, reserved 1048576K
}
Event: 3.953 GC heap before
{Heap before GC invocations=15 (full 0):
 garbage-first heap   total 58368K, used 46519K [0x0000000085a00000, 0x0000000100000000)
  region size 1024K, 21 young (21504K), 3 survivors (3072K)
 Metaspace       used 56877K, committed 57280K, reserved 1105920K
  class space    used 7638K, committed 7808K, reserved 1048576K
}
Event: 3.957 GC heap after
{Heap after GC invocations=16 (full 0):
 garbage-first heap   total 70656K, used 29547K [0x0000000085a00000, 0x0000000100000000)
  region size 1024K, 3 young (3072K), 3 survivors (3072K)
 Metaspace       used 56877K, committed 57280K, reserved 1105920K
  class space    used 7638K, committed 7808K, reserved 1048576K
}
Event: 4.392 GC heap before
{Heap before GC invocations=17 (full 0):
 garbage-first heap   total 70656K, used 57195K [0x0000000085a00000, 0x0000000100000000)
  region size 1024K, 30 young (30720K), 3 survivors (3072K)
 Metaspace       used 59539K, committed 59904K, reserved 1105920K
  class space    used 8022K, committed 8192K, reserved 1048576K
}
Event: 4.396 GC heap after
{Heap after GC invocations=18 (full 0):
 garbage-first heap   total 70656K, used 32374K [0x0000000085a00000, 0x0000000100000000)
  region size 1024K, 4 young (4096K), 4 survivors (4096K)
 Metaspace       used 59539K, committed 59904K, reserved 1105920K
  class space    used 8022K, committed 8192K, reserved 1048576K
}
Event: 4.701 GC heap before
{Heap before GC invocations=18 (full 0):
 garbage-first heap   total 70656K, used 56950K [0x0000000085a00000, 0x0000000100000000)
  region size 1024K, 28 young (28672K), 4 survivors (4096K)
 Metaspace       used 61789K, committed 62208K, reserved 1105920K
  class space    used 8386K, committed 8576K, reserved 1048576K
}
Event: 4.706 GC heap after
{Heap after GC invocations=19 (full 0):
 garbage-first heap   total 70656K, used 33847K [0x0000000085a00000, 0x0000000100000000)
  region size 1024K, 2 young (2048K), 2 survivors (2048K)
 Metaspace       used 61789K, committed 62208K, reserved 1105920K
  class space    used 8386K, committed 8576K, reserved 1048576K
}
Event: 8.104 GC heap before
{Heap before GC invocations=19 (full 0):
 garbage-first heap   total 70656K, used 56375K [0x0000000085a00000, 0x0000000100000000)
  region size 1024K, 25 young (25600K), 2 survivors (2048K)
 Metaspace       used 66439K, committed 66816K, reserved 1114112K
  class space    used 8955K, committed 9152K, reserved 1048576K
}
Event: 8.108 GC heap after
{Heap after GC invocations=20 (full 0):
 garbage-first heap   total 70656K, used 35094K [0x0000000085a00000, 0x0000000100000000)
  region size 1024K, 3 young (3072K), 3 survivors (3072K)
 Metaspace       used 66439K, committed 66816K, reserved 1114112K
  class space    used 8955K, committed 9152K, reserved 1048576K
}

Deoptimization events (20 events):
Event: 8.141 Thread 0x0000024926b1c670 Uncommon trap: trap_request=0xffffffde fr.pc=0x000002490f5852f8 relative=0x0000000000000058
Event: 8.141 Thread 0x0000024926b1c670 Uncommon trap: reason=class_check action=maybe_recompile pc=0x000002490f5852f8 method=java.lang.invoke.Invokers$Holder.linkToTargetMethod(Ljava/lang/Object;Ljava/lang/Object;Ljava/lang/Object;)Ljava/lang/Object; @ 1 c2
Event: 8.141 Thread 0x0000024926b1c670 DEOPT PACKING pc=0x000002490f5852f8 sp=0x000000b9fa4fcac0
Event: 8.141 Thread 0x0000024926b1c670 DEOPT UNPACKING pc=0x000002490ed35ba3 sp=0x000000b9fa4fca48 mode 2
Event: 8.141 Thread 0x0000024926b1c670 Uncommon trap: trap_request=0xffffffde fr.pc=0x000002490f5852f8 relative=0x0000000000000058
Event: 8.141 Thread 0x0000024926b1c670 Uncommon trap: reason=class_check action=maybe_recompile pc=0x000002490f5852f8 method=java.lang.invoke.Invokers$Holder.linkToTargetMethod(Ljava/lang/Object;Ljava/lang/Object;Ljava/lang/Object;)Ljava/lang/Object; @ 1 c2
Event: 8.141 Thread 0x0000024926b1c670 DEOPT PACKING pc=0x000002490f5852f8 sp=0x000000b9fa4fcab0
Event: 8.141 Thread 0x0000024926b1c670 DEOPT UNPACKING pc=0x000002490ed35ba3 sp=0x000000b9fa4fca38 mode 2
Event: 8.141 Thread 0x0000024926b1c670 Uncommon trap: trap_request=0xffffffde fr.pc=0x000002490f5852f8 relative=0x0000000000000058
Event: 8.141 Thread 0x0000024926b1c670 Uncommon trap: reason=class_check action=maybe_recompile pc=0x000002490f5852f8 method=java.lang.invoke.Invokers$Holder.linkToTargetMethod(Ljava/lang/Object;Ljava/lang/Object;Ljava/lang/Object;)Ljava/lang/Object; @ 1 c2
Event: 8.141 Thread 0x0000024926b1c670 DEOPT PACKING pc=0x000002490f5852f8 sp=0x000000b9fa4fcab0
Event: 8.141 Thread 0x0000024926b1c670 DEOPT UNPACKING pc=0x000002490ed35ba3 sp=0x000000b9fa4fca38 mode 2
Event: 8.145 Thread 0x0000024926b1de80 Uncommon trap: trap_request=0xffffff45 fr.pc=0x000002490f51cc30 relative=0x0000000000000290
Event: 8.145 Thread 0x0000024926b1de80 Uncommon trap: reason=unstable_if action=reinterpret pc=0x000002490f51cc30 method=java.lang.invoke.MethodType.equals(Ljava/lang/Object;)Z @ 11 c2
Event: 8.145 Thread 0x0000024926b1de80 DEOPT PACKING pc=0x000002490f51cc30 sp=0x000000b9f9ffe660
Event: 8.145 Thread 0x0000024926b1de80 DEOPT UNPACKING pc=0x000002490ed35ba3 sp=0x000000b9f9ffe628 mode 2
Event: 8.145 Thread 0x0000024926b1de80 Uncommon trap: trap_request=0xffffff54 fr.pc=0x000002490f6ab25c relative=0x000000000000079c
Event: 8.145 Thread 0x0000024926b1de80 Uncommon trap: reason=speculate_null_assert action=make_not_entrant pc=0x000002490f6ab25c method=java.lang.invoke.MethodType$ConcurrentWeakInternSet.add(Ljava/lang/Object;)Ljava/lang/Object; @ 47 c2
Event: 8.145 Thread 0x0000024926b1de80 DEOPT PACKING pc=0x000002490f6ab25c sp=0x000000b9f9ffe810
Event: 8.145 Thread 0x0000024926b1de80 DEOPT UNPACKING pc=0x000002490ed35ba3 sp=0x000000b9f9ffe7a8 mode 2

Classes unloaded (0 events):
No events

Classes redefined (0 events):
No events

Internal exceptions (20 events):
Event: 4.337 Thread 0x000002491d4dadb0 Implicit null exception at 0x000002490f3ffaba to 0x000002490f3ffca8
Event: 4.402 Thread 0x000002491d4dadb0 Exception <a 'java/lang/NoSuchMethodError'{0x000000008d5a7418}: 'java.lang.Object java.lang.invoke.DirectMethodHandle$Holder.invokeSpecial(java.lang.Object, java.lang.Object, int, java.lang.Object, int, java.lang.Object)'> (0x000000008d5a7418) 
thrown [s\open\src\hotspot\share\interpreter\linkResolver.cpp, line 759]
Event: 4.403 Thread 0x000002491d4dadb0 Exception <a 'java/lang/NoSuchMethodError'{0x000000008d5af4c0}: 'java.lang.Object java.lang.invoke.DirectMethodHandle$Holder.newInvokeSpecial(java.lang.Object, java.lang.Object, int, java.lang.Object, int)'> (0x000000008d5af4c0) 
thrown [s\open\src\hotspot\share\interpreter\linkResolver.cpp, line 759]
Event: 4.403 Thread 0x000002491d4dadb0 Exception <a 'java/lang/NoSuchMethodError'{0x000000008d5b35c0}: 'java.lang.Object java.lang.invoke.DirectMethodHandle$Holder.invokeSpecial(java.lang.Object, java.lang.Object, java.lang.Object, int, java.lang.Object, int)'> (0x000000008d5b35c0) 
thrown [s\open\src\hotspot\share\interpreter\linkResolver.cpp, line 759]
Event: 4.404 Thread 0x000002491d4dadb0 Exception <a 'java/lang/NoSuchMethodError'{0x000000008d5bd480}: 'void java.lang.invoke.DirectMethodHandle$Holder.invokeVirtual(java.lang.Object, java.lang.Object)'> (0x000000008d5bd480) 
thrown [s\open\src\hotspot\share\interpreter\linkResolver.cpp, line 759]
Event: 4.503 Thread 0x000002491d4dadb0 Exception <a 'java/lang/NoSuchMethodError'{0x00000000897440a8}: 'java.lang.Object java.lang.invoke.DirectMethodHandle$Holder.newInvokeSpecial(java.lang.Object, java.lang.Object, java.lang.Object, java.lang.Object, java.lang.Object, java.lang.Object, java.lang.Object)'> (0x00000000897440a8) 
thrown [s\open\src\hotspot\share\interpreter\linkResolver.cpp, line 759]
Event: 4.503 Thread 0x000002491d4dadb0 Exception <a 'java/lang/NoSuchMethodError'{0x0000000089748580}: 'java.lang.Object java.lang.invoke.Invokers$Holder.linkToTargetMethod(java.lang.Object, java.lang.Object, java.lang.Object, java.lang.Object, java.lang.Object, java.lang.Object, java.lang.Object)'> (0x0000000089748580) 
thrown [s\open\src\hotspot\share\interpreter\linkResolver.cpp, line 759]
Event: 4.536 Thread 0x000002491d4dadb0 Implicit null exception at 0x000002490f293c6c to 0x000002490f293d1c
Event: 4.584 Thread 0x000002491d4dadb0 Exception <a 'java/lang/NoSuchMethodError'{0x00000000893e91d0}: 'java.lang.Object java.lang.invoke.DirectMethodHandle$Holder.newInvokeSpecial(java.lang.Object, java.lang.Object, java.lang.Object, int)'> (0x00000000893e91d0) 
thrown [s\open\src\hotspot\share\interpreter\linkResolver.cpp, line 759]
Event: 4.584 Thread 0x000002491d4dadb0 Exception <a 'java/lang/NoSuchMethodError'{0x00000000893ed4b8}: 'java.lang.Object java.lang.invoke.DirectMethodHandle$Holder.invokeSpecial(java.lang.Object, java.lang.Object, java.lang.Object, java.lang.Object, int)'> (0x00000000893ed4b8) 
thrown [s\open\src\hotspot\share\interpreter\linkResolver.cpp, line 759]
Event: 4.584 Thread 0x000002491d4dadb0 Exception <a 'java/lang/NoSuchMethodError'{0x00000000893f0bc0}: 'java.lang.Object java.lang.invoke.Invokers$Holder.linkToTargetMethod(java.lang.Object, java.lang.Object, int, java.lang.Object)'> (0x00000000893f0bc0) 
thrown [s\open\src\hotspot\share\interpreter\linkResolver.cpp, line 759]
Event: 4.610 Thread 0x000002491d4dadb0 Exception <a 'java/lang/NoSuchMethodError'{0x00000000891804f8}: 'java.lang.Object java.lang.invoke.DirectMethodHandle$Holder.invokeStatic(java.lang.Object, int, java.lang.Object)'> (0x00000000891804f8) 
thrown [s\open\src\hotspot\share\interpreter\linkResolver.cpp, line 759]
Event: 4.793 Thread 0x000002491d4dadb0 Exception <a 'java/lang/ClassNotFoundException'{0x00000000896664d8}: java/lang/ObjectCustomizer> (0x00000000896664d8) 
thrown [s\open\src\hotspot\share\classfile\systemDictionary.cpp, line 256]
Event: 4.793 Thread 0x000002491d4dadb0 Exception <a 'java/lang/ClassNotFoundException'{0x000000008966f790}: illarli/middelware/Models/DocumentTypeCustomizer> (0x000000008966f790) 
thrown [s\open\src\hotspot\share\classfile\systemDictionary.cpp, line 256]
Event: 4.820 Thread 0x000002491d4dadb0 Exception <a 'java/lang/NoSuchMethodError'{0x00000000895ced20}: 'java.lang.Object java.lang.invoke.DirectMethodHandle$Holder.invokeStaticInit(java.lang.Object, java.lang.Object, java.lang.Object, java.lang.Object, java.lang.Object, java.lang.Object)'> (0x00000000895ced20) 
thrown [s\open\src\hotspot\share\interpreter\linkResolver.cpp, line 759]
Event: 4.837 Thread 0x000002491d4dadb0 Exception <a 'java/lang/ClassNotFoundException'{0x0000000089481bd8}: java/lang/ObjectCustomizer> (0x0000000089481bd8) 
thrown [s\open\src\hotspot\share\classfile\systemDictionary.cpp, line 256]
Event: 4.838 Thread 0x000002491d4dadb0 Exception <a 'java/lang/ClassNotFoundException'{0x000000008948ae90}: illarli/middelware/Models/BalanceTypeCustomizer> (0x000000008948ae90) 
thrown [s\open\src\hotspot\share\classfile\systemDictionary.cpp, line 256]
Event: 8.119 Thread 0x0000024926b1c670 Exception <a 'java/lang/ClassNotFoundException'{0x000000008d543f00}: sun/awt/resources/spi/awtProvider> (0x000000008d543f00) 
thrown [s\open\src\hotspot\share\classfile\systemDictionary.cpp, line 256]
Event: 8.129 Thread 0x0000024926b1c670 Exception <a 'java/io/FileNotFoundException'{0x000000008d56e570}> (0x000000008d56e570) 
thrown [s\open\src\hotspot\share\prims\jni.cpp, line 516]
Event: 8.129 Thread 0x0000024926b1c670 Exception <a 'java/io/FileNotFoundException'{0x000000008d570038}> (0x000000008d570038) 
thrown [s\open\src\hotspot\share\prims\jni.cpp, line 516]

VM Operations (20 events):
Event: 4.792 Executing VM operation: HandshakeAllThreads
Event: 4.792 Executing VM operation: HandshakeAllThreads done
Event: 5.797 Executing VM operation: Cleanup
Event: 5.798 Executing VM operation: Cleanup done
Event: 7.820 Executing VM operation: Cleanup
Event: 7.821 Executing VM operation: Cleanup done
Event: 7.955 Executing VM operation: HandshakeAllThreads
Event: 7.955 Executing VM operation: HandshakeAllThreads done
Event: 7.970 Executing VM operation: HandshakeAllThreads
Event: 7.970 Executing VM operation: HandshakeAllThreads done
Event: 7.982 Executing VM operation: HandshakeAllThreads
Event: 7.982 Executing VM operation: HandshakeAllThreads done
Event: 8.104 Executing VM operation: G1CollectForAllocation
Event: 8.108 Executing VM operation: G1CollectForAllocation done
Event: 8.122 Executing VM operation: G1Concurrent
Event: 8.126 Executing VM operation: G1Concurrent done
Event: 8.132 Executing VM operation: G1Concurrent
Event: 8.133 Executing VM operation: G1Concurrent done
Event: 8.148 Executing VM operation: HandshakeAllThreads
Event: 8.148 Executing VM operation: HandshakeAllThreads done

Events (20 events):
Event: 8.144 Thread 0x0000024926b19ff0 Thread added: 0x0000024926b19ff0
Event: 8.144 loading class javax/print/attribute/HashPrintRequestAttributeSet
Event: 8.144 loading class javax/print/attribute/PrintRequestAttributeSet
Event: 8.144 loading class javax/print/attribute/PrintRequestAttributeSet done
Event: 8.144 loading class javax/print/attribute/HashAttributeSet
Event: 8.144 loading class javax/print/attribute/HashAttributeSet done
Event: 8.144 loading class javax/print/attribute/HashPrintRequestAttributeSet done
Event: 8.144 loading class javax/print/attribute/HashPrintJobAttributeSet
Event: 8.144 loading class javax/print/attribute/PrintJobAttributeSet
Event: 8.144 loading class javax/print/attribute/PrintJobAttributeSet done
Event: 8.144 loading class javax/print/attribute/HashPrintJobAttributeSet done
Event: 8.144 loading class javax/print/attribute/standard/JobOriginatingUserName
Event: 8.144 loading class javax/print/attribute/standard/JobOriginatingUserName done
Event: 8.145 loading class javax/print/attribute/AttributeSetUtilities
Event: 8.145 loading class javax/print/attribute/AttributeSetUtilities done
Event: 8.145 loading class javax/print/attribute/AttributeSetUtilities$UnmodifiablePrintJobAttributeSet
Event: 8.145 loading class javax/print/attribute/AttributeSetUtilities$UnmodifiableAttributeSet
Event: 8.145 loading class javax/print/attribute/AttributeSetUtilities$UnmodifiableAttributeSet done
Event: 8.145 loading class javax/print/attribute/AttributeSetUtilities$UnmodifiablePrintJobAttributeSet done
Event: 8.146 Thread 0x0000024926b1ecf0 Thread added: 0x0000024926b1ecf0


Dynamic libraries:
0x00007ff7337a0000 - 0x00007ff7337b0000 	C:\Program Files\Java\jdk-17\bin\java.exe
0x00007fff1cfb0000 - 0x00007fff1d1c4000 	C:\WINDOWS\SYSTEM32\ntdll.dll
0x00007fff1be10000 - 0x00007fff1bed4000 	C:\WINDOWS\System32\KERNEL32.DLL
0x00007fff1a950000 - 0x00007fff1acf4000 	C:\WINDOWS\System32\KERNELBASE.dll
0x00007fff1a5a0000 - 0x00007fff1a6b1000 	C:\WINDOWS\System32\ucrtbase.dll
0x00007ffeed560000 - 0x00007ffeed57b000 	C:\Program Files\Java\jdk-17\bin\VCRUNTIME140.dll
0x00007ffeed9a0000 - 0x00007ffeed9b9000 	C:\Program Files\Java\jdk-17\bin\jli.dll
0x00007fff1bce0000 - 0x00007fff1bd90000 	C:\WINDOWS\System32\ADVAPI32.dll
0x00007fff1ca80000 - 0x00007fff1cb27000 	C:\WINDOWS\System32\msvcrt.dll
0x00007fff1b2f0000 - 0x00007fff1b396000 	C:\WINDOWS\System32\sechost.dll
0x00007fff1c810000 - 0x00007fff1c927000 	C:\WINDOWS\System32\RPCRT4.dll
0x00007fff1b3a0000 - 0x00007fff1b54a000 	C:\WINDOWS\System32\USER32.dll
0x00007ffef6910000 - 0x00007ffef6b9f000 	C:\WINDOWS\WinSxS\amd64_microsoft.windows.common-controls_6595b64144ccf1df_6.0.22621.2070_none_2713e6537381f706\COMCTL32.dll
0x00007fff1a4b0000 - 0x00007fff1a4d6000 	C:\WINDOWS\System32\win32u.dll
0x00007fff1cb40000 - 0x00007fff1cb69000 	C:\WINDOWS\System32\GDI32.dll
0x00007fff1a390000 - 0x00007fff1a4a9000 	C:\WINDOWS\System32\gdi32full.dll
0x00007fff1a6c0000 - 0x00007fff1a75a000 	C:\WINDOWS\System32\msvcp_win.dll
0x00007fff0ebc0000 - 0x00007fff0ebca000 	C:\WINDOWS\SYSTEM32\VERSION.dll
0x00007fff1b750000 - 0x00007fff1b781000 	C:\WINDOWS\System32\IMM32.DLL
0x00007ffef4c70000 - 0x00007ffef4c7c000 	C:\Program Files\Java\jdk-17\bin\vcruntime140_1.dll
0x00007ffebcea0000 - 0x00007ffebcf2e000 	C:\Program Files\Java\jdk-17\bin\msvcp140.dll
0x00007ffe8f3b0000 - 0x00007ffe8ff8d000 	C:\Program Files\Java\jdk-17\bin\server\jvm.dll
0x00007fff1ae50000 - 0x00007fff1ae58000 	C:\WINDOWS\System32\PSAPI.DLL
0x00007ffef2e60000 - 0x00007ffef2e69000 	C:\WINDOWS\SYSTEM32\WSOCK32.dll
0x00007fff0fd60000 - 0x00007fff0fd94000 	C:\WINDOWS\SYSTEM32\WINMM.dll
0x00007fff1bd90000 - 0x00007fff1be01000 	C:\WINDOWS\System32\WS2_32.dll
0x00007fff19470000 - 0x00007fff19488000 	C:\WINDOWS\SYSTEM32\kernel.appcore.dll
0x00007ffef3200000 - 0x00007ffef320a000 	C:\Program Files\Java\jdk-17\bin\jimage.dll
0x00007fff17f20000 - 0x00007fff1814e000 	C:\WINDOWS\SYSTEM32\DBGHELP.DLL
0x00007fff1b950000 - 0x00007fff1bcda000 	C:\WINDOWS\System32\combase.dll
0x00007fff1c9a0000 - 0x00007fff1ca77000 	C:\WINDOWS\System32\OLEAUT32.dll
0x00007ffef6020000 - 0x00007ffef6052000 	C:\WINDOWS\SYSTEM32\dbgcore.DLL
0x00007fff1a760000 - 0x00007fff1a7da000 	C:\WINDOWS\System32\bcryptPrimitives.dll
0x00007ffef29d0000 - 0x00007ffef29de000 	C:\Program Files\Java\jdk-17\bin\instrument.dll
0x00007ffeeb720000 - 0x00007ffeeb745000 	C:\Program Files\Java\jdk-17\bin\java.dll
0x00007ffeb1770000 - 0x00007ffeb1847000 	C:\Program Files\Java\jdk-17\bin\jsvml.dll
0x00007fff1bee0000 - 0x00007fff1c6f6000 	C:\WINDOWS\System32\SHELL32.dll
0x00007fff18370000 - 0x00007fff18c5a000 	C:\WINDOWS\SYSTEM32\windows.storage.dll
0x00007fff18230000 - 0x00007fff1836e000 	C:\WINDOWS\SYSTEM32\wintypes.dll
0x00007fff1c710000 - 0x00007fff1c803000 	C:\WINDOWS\System32\SHCORE.dll
0x00007fff1adf0000 - 0x00007fff1ae4e000 	C:\WINDOWS\System32\shlwapi.dll
0x00007fff1a2c0000 - 0x00007fff1a2e6000 	C:\WINDOWS\SYSTEM32\profapi.dll
0x00007ffedd410000 - 0x00007ffedd428000 	C:\Program Files\Java\jdk-17\bin\zip.dll
0x00007ffee7640000 - 0x00007ffee7659000 	C:\Program Files\Java\jdk-17\bin\net.dll
0x00007fff0f180000 - 0x00007fff0f2b7000 	C:\WINDOWS\SYSTEM32\WINHTTP.dll
0x00007fff19940000 - 0x00007fff199a9000 	C:\WINDOWS\system32\mswsock.dll
0x00007ffedd510000 - 0x00007ffedd526000 	C:\Program Files\Java\jdk-17\bin\nio.dll
0x00007ffef17b0000 - 0x00007ffef17ca000 	C:\Program Files\JetBrains\IntelliJ IDEA Community Edition 2023.1.4\bin\breakgen64.dll
0x00007ffef3190000 - 0x00007ffef31a0000 	C:\Program Files\Java\jdk-17\bin\verify.dll
0x00007ffef2460000 - 0x00007ffef246a000 	C:\Program Files\Java\jdk-17\bin\management.dll
0x00007ffeed990000 - 0x00007ffeed99b000 	C:\Program Files\Java\jdk-17\bin\management_ext.dll
0x00007ffef2eb0000 - 0x00007ffef2ec7000 	C:\WINDOWS\system32\napinsp.dll
0x00007ffef2e90000 - 0x00007ffef2eab000 	C:\WINDOWS\system32\pnrpnsp.dll
0x00007fff18f60000 - 0x00007fff19053000 	C:\WINDOWS\SYSTEM32\DNSAPI.dll
0x00007fff18f30000 - 0x00007fff18f5d000 	C:\WINDOWS\SYSTEM32\IPHLPAPI.DLL
0x00007fff1cb30000 - 0x00007fff1cb39000 	C:\WINDOWS\System32\NSI.dll
0x00007ffeed690000 - 0x00007ffeed6a1000 	C:\WINDOWS\System32\winrnr.dll
0x00007fff10010000 - 0x00007fff10025000 	C:\WINDOWS\system32\wshbth.dll
0x00007ffed55d0000 - 0x00007ffed55f1000 	C:\WINDOWS\system32\nlansp_c.dll
0x00007fff03810000 - 0x00007fff0381a000 	C:\Windows\System32\rasadhlp.dll
0x00007fff0e4d0000 - 0x00007fff0e554000 	C:\WINDOWS\System32\fwpuclnt.dll
0x00007fff19b90000 - 0x00007fff19bab000 	C:\WINDOWS\SYSTEM32\CRYPTSP.dll
0x00007fff19430000 - 0x00007fff19465000 	C:\WINDOWS\system32\rsaenh.dll
0x00007fff19a30000 - 0x00007fff19a5c000 	C:\WINDOWS\SYSTEM32\USERENV.dll
0x00007fff19d50000 - 0x00007fff19d78000 	C:\WINDOWS\SYSTEM32\bcrypt.dll
0x00007fff19bb0000 - 0x00007fff19bbc000 	C:\WINDOWS\SYSTEM32\CRYPTBASE.dll
0x00007fff0f0a0000 - 0x00007fff0f0b9000 	C:\WINDOWS\SYSTEM32\dhcpcsvc6.DLL
0x00007fff0f080000 - 0x00007fff0f09f000 	C:\WINDOWS\SYSTEM32\dhcpcsvc.DLL
0x00007ffed54f0000 - 0x00007ffed54fd000 	C:\Program Files\Java\jdk-17\bin\sunmscapi.dll
0x00007fff1a7e0000 - 0x00007fff1a947000 	C:\WINDOWS\System32\CRYPT32.dll
0x00007fff19d20000 - 0x00007fff19d4e000 	C:\WINDOWS\SYSTEM32\ncrypt.dll
0x00007fff19ce0000 - 0x00007fff19d17000 	C:\WINDOWS\SYSTEM32\NTASN1.dll
0x00007fff130b0000 - 0x00007fff130b8000 	C:\WINDOWS\system32\wshunix.dll
0x00007ffecdd80000 - 0x00007ffecdf11000 	C:\Program Files\Java\jdk-17\bin\awt.dll
0x00007fff14c00000 - 0x00007fff14c97000 	C:\WINDOWS\SYSTEM32\apphelp.dll
0x00007ffef6ba0000 - 0x00007ffef6c3f000 	C:\WINDOWS\SYSTEM32\WINSPOOL.DRV
0x00007ffef0470000 - 0x00007ffef04d5000 	C:\WINDOWS\SYSTEM32\Print.PrintSupport.Source.dll
0x00007fff1a080000 - 0x00007fff1a0ce000 	C:\WINDOWS\SYSTEM32\cfgmgr32.dll
0x00007fff1cd30000 - 0x00007fff1cde0000 	C:\WINDOWS\System32\clbcatq.dll
0x00007fff13470000 - 0x00007fff13571000 	C:\Windows\System32\PROPSYS.dll
0x00007ffeead20000 - 0x00007ffeeade9000 	C:\Windows\System32\Windows.Devices.Enumeration.dll
0x00007ffeeae10000 - 0x00007ffeeaecb000 	C:\WINDOWS\System32\StructuredQuery.dll
0x00007ffee0420000 - 0x00007ffee0549000 	C:\WINDOWS\System32\NaturalLanguage6.dll
0x00007ffedfad0000 - 0x00007ffee0416000 	C:\WINDOWS\System32\NLSData000a.dll
0x00007ffee80b0000 - 0x00007ffee80d1000 	C:\Windows\System32\DevDispItemProvider.dll
0x00007fff02bc0000 - 0x00007fff02bce000 	C:\Windows\System32\DDORes.dll

dbghelp: loaded successfully - version: 4.0.5 - missing functions: none
symbol engine: initialized successfully - sym options: 0x614 - pdb path: .;C:\Program Files\Java\jdk-17\bin;C:\WINDOWS\SYSTEM32;C:\WINDOWS\WinSxS\amd64_microsoft.windows.common-controls_6595b64144ccf1df_6.0.22621.2070_none_2713e6537381f706;C:\Program Files\Java\jdk-17\bin\server;C:\Program Files\JetBrains\IntelliJ IDEA Community Edition 2023.1.4\bin

VM Arguments:
jvm_args: -javaagent:C:\Program Files\JetBrains\IntelliJ IDEA Community Edition 2023.1.4\lib\idea_rt.jar=50846:C:\Program Files\JetBrains\IntelliJ IDEA Community Edition 2023.1.4\bin -Dfile.encoding=UTF-8 
java_command: illarli.middelware.MiddelwareApplication 8085
java_class_path (initial): C:\Users\Usuario\Documents\GitHub\middelware\target\classes;C:\Users\Usuario\.m2\repository\org\springframework\boot\spring-boot-starter-web\2.7.14-SNAPSHOT\spring-boot-starter-web-2.7.14-20230717.182241-31.jar;C:\Users\Usuario\.m2\repository\org\springframework\boot\spring-boot-starter\2.7.14-SNAPSHOT\spring-boot-starter-2.7.14-20230717.182241-31.jar;C:\Users\Usuario\.m2\repository\org\springframework\boot\spring-boot-starter-logging\2.7.14-SNAPSHOT\spring-boot-starter-logging-2.7.14-20230717.182241-31.jar;C:\Users\Usuario\.m2\repository\ch\qos\logback\logback-classic\1.2.12\logback-classic-1.2.12.jar;C:\Users\Usuario\.m2\repository\ch\qos\logback\logback-core\1.2.12\logback-core-1.2.12.jar;C:\Users\Usuario\.m2\repository\org\apache\logging\log4j\log4j-to-slf4j\2.17.2\log4j-to-slf4j-2.17.2.jar;C:\Users\Usuario\.m2\repository\org\apache\logging\log4j\log4j-api\2.17.2\log4j-api-2.17.2.jar;C:\Users\Usuario\.m2\repository\org\slf4j\jul-to-slf4j\1.7.36\jul-to-slf4j-1.7.36.jar;C:\Users\Usuario\.m2\repository\jakarta\annotation\jakarta.annotation-api\1.3.5\jakarta.annotation-api-1.3.5.jar;C:\Users\Usuario\.m2\repository\org\yaml\snakeyaml\1.30\snakeyaml-1.30.jar;C:\Users\Usuario\.m2\repository\org\springframework\boot\spring-boot-starter-json\2.7.14-SNAPSHOT\spring-boot-starter-json-2.7.14-20230717.182241-31.jar;C:\Users\Usuario\.m2\repository\com\fasterxml\jackson\core\jackson-databind\2.13.5\jackson-databind-2.13.5.jar;C:\Users\Usuario\.m2\repository\com\fasterxml\jackson\core\jackson-core\2.13.5\jackson-core-2.13.5.jar;C:\Users\Usuario\.m2\repository\com\fasterxml\jackson\datatype\jackson-datatype-jdk8\2.13.5\jackson-datatype-jdk8-2.13.5.jar;C:\Users\Usuario\.m2\repository\com\fasterxml\jackson\datatype\jackson-datatype-jsr310\2.13.5\jackson-datatype-jsr310-2.13.5.jar;C:\Users\Usuario\.m2\repository\com\fasterxml\jackson\module\jackson-module-parameter-names\2.13.5\jackson-module-parameter-names-2.13.5.jar;C:\Users\Usuario\.m2\repository\or
Launcher Type: SUN_STANDARD

[Global flags]
     intx CICompilerCount                          = 4                                         {product} {ergonomic}
     uint ConcGCThreads                            = 3                                         {product} {ergonomic}
     uint G1ConcRefinementThreads                  = 10                                        {product} {ergonomic}
   size_t G1HeapRegionSize                         = 1048576                                   {product} {ergonomic}
    uintx GCDrainStackTargetSize                   = 64                                        {product} {ergonomic}
   size_t InitialHeapSize                          = 130023424                                 {product} {ergonomic}
   size_t MarkStackSize                            = 4194304                                   {product} {ergonomic}
   size_t MaxHeapSize                              = 2053111808                                {product} {ergonomic}
   size_t MaxNewSize                               = 1231028224                                {product} {ergonomic}
   size_t MinHeapDeltaBytes                        = 1048576                                   {product} {ergonomic}
   size_t MinHeapSize                              = 8388608                                   {product} {ergonomic}
    uintx NonNMethodCodeHeapSize                   = 5839372                                {pd product} {ergonomic}
    uintx NonProfiledCodeHeapSize                  = 122909434                              {pd product} {ergonomic}
    uintx ProfiledCodeHeapSize                     = 122909434                              {pd product} {ergonomic}
    uintx ReservedCodeCacheSize                    = 251658240                              {pd product} {ergonomic}
     bool SegmentedCodeCache                       = true                                      {product} {ergonomic}
   size_t SoftMaxHeapSize                          = 2053111808                             {manageable} {ergonomic}
     bool UseCompressedClassPointers               = true                           {product lp64_product} {ergonomic}
     bool UseCompressedOops                        = true                           {product lp64_product} {ergonomic}
     bool UseG1GC                                  = true                                      {product} {ergonomic}
     bool UseLargePagesIndividualAllocation        = false                                  {pd product} {ergonomic}

Logging:
Log output configuration:
 #0: stdout all=warning uptime,level,tags
 #1: stderr all=off uptime,level,tags

Environment Variables:
PATH=C:\Program Files\Common Files\Oracle\Java\javapath;C:\Program Files (x86)\Common Files\Oracle\Java\javapath;C:\windows\system32;C:\windows;C:\windows\System32\Wbem;C:\windows\System32\WindowsPowerShell\v1.0\;C:\windows\System32\OpenSSH\;C:\Program Files (x86)\NVIDIA Corporation\PhysX\Common;C:\Program Files\NVIDIA Corporation\NVIDIA NvDLISR;C:\Program Files\PuTTY\;C:\Program Files\Git\cmd;C:\WINDOWS\system32;C:\WINDOWS;C:\WINDOWS\System32\Wbem;C:\WINDOWS\System32\WindowsPowerShell\v1.0\;C:\WINDOWS\System32\OpenSSH\;C:\Python27;C:\Program Files\nodejs\;C:\Users\Usuario\.console-ninja\.bin;C:\Users\Usuario\AppData\Local\Microsoft\WindowsApps;C:\Users\Usuario\AppData\Local\GitHubDesktop\bin;C:\Users\Usuario\AppData\Local\Microsoft\WindowsApps;C:\Python27;;C:\Program Files\JetBrains\IntelliJ IDEA Community Edition 2023.1.4\bin;;C:\Users\Usuario\AppData\Roaming\npm;C:\Users\Usuario\AppData\Local\Programs\Microsoft VS Code\bin
USERNAME=Usuario
OS=Windows_NT
PROCESSOR_IDENTIFIER=Intel64 Family 6 Model 141 Stepping 1, GenuineIntel



---------------  S Y S T E M  ---------------

OS:
 Windows 11 , 64 bit Build 22621 (10.0.22621.2070)
OS uptime: 1 days 1:37 hours

CPU: total 12 (initial active 12) (6 cores per cpu, 2 threads per core) family 6 model 141 stepping 1 microcode 0x42, cx8, cmov, fxsr, ht, mmx, 3dnowpref, sse, sse2, sse3, ssse3, sse4.1, sse4.2, popcnt, lzcnt, tsc, tscinvbit, avx, avx2, aes, erms, clmul, bmi1, bmi2, adx, avx512f, avx512dq, avx512cd, avx512bw, avx512vl, sha, fma, vzeroupper, avx512_vpopcntdq, avx512_vpclmulqdq, avx512_vaes, avx512_vnni, clflush, clflushopt, clwb, avx512_vbmi2, avx512_vbmi

Memory: 4k page, system-wide physical 7830M (737M free)
TotalPageFile size 27286M (AvailPageFile size 7572M)
current process WorkingSet (physical memory assigned to process): 253M, peak: 329M
current process commit charge ("private bytes"): 291M, peak: 371M

vm_info: Java HotSpot(TM) 64-Bit Server VM (17.0.7+8-LTS-224) for windows-amd64 JRE (17.0.7+8-LTS-224), built on Feb 28 2023 23:03:02 by "mach5one" with MS VC++ 17.1 (VS2022)

END.
